<?xml version="1.0" encoding="UTF-8"?>
<!-- Generated by org.testng.reporters.JUnitXMLReporter -->
<testsuite hostname="BLT079" ignored="0" name="Test" tests="3" failures="3" timestamp="06 Mar 2020 04:46:56 GMT" time="22.517" errors="0">
  <testcase name="@AfterClass close" time="0.004" classname="com.testcases.ProductTestCase">
    <failure type="java.lang.StackOverflowError">
      <![CDATA[java.lang.StackOverflowError
at com.testcases.ProductTestCase.close(ProductTestCase.java:25)
at com.testcases.ProductTestCase.close(ProductTestCase.java:25)
at com.testcases.ProductTestCase.close(ProductTestCase.java:25)
at com.testcases.ProductTestCase.close(ProductTestCase.java:25)
at com.testcases.ProductTestCase.close(ProductTestCase.java:25)
at com.testcases.ProductTestCase.close(ProductTestCase.java:25)
at com.testcases.ProductTestCase.close(ProductTestCase.java:25)
at com.testcases.ProductTestCase.close(ProductTestCase.java:25)
at com.testcases.ProductTestCase.close(ProductTestCase.java:25)
at com.testcases.ProductTestCase.close(ProductTestCase.java:25)
at com.testcases.ProductTestCase.close(ProductTestCase.java:25)
at com.testcases.ProductTestCase.close(ProductTestCase.java:25)
at com.testcases.ProductTestCase.close(ProductTestCase.java:25)
at com.testcases.ProductTestCase.close(ProductTestCase.java:25)
at com.testcases.ProductTestCase.close(ProductTestCase.java:25)
at com.testcases.ProductTestCase.close(ProductTestCase.java:25)
at com.testcases.ProductTestCase.close(ProductTestCase.java:25)
at com.testcases.ProductTestCase.close(ProductTestCase.java:25)
at com.testcases.ProductTestCase.close(ProductTestCase.java:25)
at com.testcases.ProductTestCase.close(ProductTestCase.java:25)
at com.testcases.ProductTestCase.close(ProductTestCase.java:25)
at com.testcases.ProductTestCase.close(ProductTestCase.java:25)
at com.testcases.ProductTestCase.close(ProductTestCase.java:25)
at com.testcases.ProductTestCase.close(ProductTestCase.java:25)
at com.testcases.ProductTestCase.close(ProductTestCase.java:25)
at com.testcases.ProductTestCase.close(ProductTestCase.java:25)
at com.testcases.ProductTestCase.close(ProductTestCase.java:25)
at com.testcases.ProductTestCase.close(ProductTestCase.java:25)
at com.testcases.ProductTestCase.close(ProductTestCase.java:25)
at com.testcases.ProductTestCase.close(ProductTestCase.java:25)
at com.testcases.ProductTestCase.close(ProductTestCase.java:25)
at com.testcases.ProductTestCase.close(ProductTestCase.java:25)
at com.testcases.ProductTestCase.close(ProductTestCase.java:25)
at com.testcases.ProductTestCase.close(ProductTestCase.java:25)
at com.testcases.ProductTestCase.close(ProductTestCase.java:25)
at com.testcases.ProductTestCase.close(ProductTestCase.java:25)
at com.testcases.ProductTestCase.close(ProductTestCase.java:25)
at com.testcases.ProductTestCase.close(ProductTestCase.java:25)
at com.testcases.ProductTestCase.close(ProductTestCase.java:25)
at com.testcases.ProductTestCase.close(ProductTestCase.java:25)
at com.testcases.ProductTestCase.close(ProductTestCase.java:25)
at com.testcases.ProductTestCase.close(ProductTestCase.java:25)
at com.testcases.ProductTestCase.close(ProductTestCase.java:25)
at com.testcases.ProductTestCase.close(ProductTestCase.java:25)
at com.testcases.ProductTestCase.close(ProductTestCase.java:25)
at com.testcases.ProductTestCase.close(ProductTestCase.java:25)
at com.testcases.ProductTestCase.close(ProductTestCase.java:25)
at com.testcases.ProductTestCase.close(ProductTestCase.java:25)
at com.testcases.ProductTestCase.close(ProductTestCase.java:25)
at com.testcases.ProductTestCase.close(ProductTestCase.java:25)
at com.testcases.ProductTestCase.close(ProductTestCase.java:25)
at com.testcases.ProductTestCase.close(ProductTestCase.java:25)
at com.testcases.ProductTestCase.close(ProductTestCase.java:25)
at com.testcases.ProductTestCase.close(ProductTestCase.java:25)
at com.testcases.ProductTestCase.close(ProductTestCase.java:25)
at com.testcases.ProductTestCase.close(ProductTestCase.java:25)
at com.testcases.ProductTestCase.close(ProductTestCase.java:25)
at com.testcases.ProductTestCase.close(ProductTestCase.java:25)
at com.testcases.ProductTestCase.close(ProductTestCase.java:25)
at com.testcases.ProductTestCase.close(ProductTestCase.java:25)
at com.testcases.ProductTestCase.close(ProductTestCase.java:25)
at com.testcases.ProductTestCase.close(ProductTestCase.java:25)
at com.testcases.ProductTestCase.close(ProductTestCase.java:25)
at com.testcases.ProductTestCase.close(ProductTestCase.java:25)
at com.testcases.ProductTestCase.close(ProductTestCase.java:25)
at com.testcases.ProductTestCase.close(ProductTestCase.java:25)
at com.testcases.ProductTestCase.close(ProductTestCase.java:25)
at com.testcases.ProductTestCase.close(ProductTestCase.java:25)
at com.testcases.ProductTestCase.close(ProductTestCase.java:25)
at com.testcases.ProductTestCase.close(ProductTestCase.java:25)
at com.testcases.ProductTestCase.close(ProductTestCase.java:25)
at com.testcases.ProductTestCase.close(ProductTestCase.java:25)
at com.testcases.ProductTestCase.close(ProductTestCase.java:25)
at com.testcases.ProductTestCase.close(ProductTestCase.java:25)
at com.testcases.ProductTestCase.close(ProductTestCase.java:25)
at com.testcases.ProductTestCase.close(ProductTestCase.java:25)
at com.testcases.ProductTestCase.close(ProductTestCase.java:25)
at com.testcases.ProductTestCase.close(ProductTestCase.java:25)
at com.testcases.ProductTestCase.close(ProductTestCase.java:25)
at com.testcases.ProductTestCase.close(ProductTestCase.java:25)
at com.testcases.ProductTestCase.close(ProductTestCase.java:25)
at com.testcases.ProductTestCase.close(ProductTestCase.java:25)
at com.testcases.ProductTestCase.close(ProductTestCase.java:25)
at com.testcases.ProductTestCase.close(ProductTestCase.java:25)
at com.testcases.ProductTestCase.close(ProductTestCase.java:25)
at com.testcases.ProductTestCase.close(ProductTestCase.java:25)
at com.testcases.ProductTestCase.close(ProductTestCase.java:25)
at com.testcases.ProductTestCase.close(ProductTestCase.java:25)
at com.testcases.ProductTestCase.close(ProductTestCase.java:25)
at com.testcases.ProductTestCase.close(ProductTestCase.java:25)
at com.testcases.ProductTestCase.close(ProductTestCase.java:25)
at com.testcases.ProductTestCase.close(ProductTestCase.java:25)
at com.testcases.ProductTestCase.close(ProductTestCase.java:25)
at com.testcases.ProductTestCase.close(ProductTestCase.java:25)
at com.testcases.ProductTestCase.close(ProductTestCase.java:25)
at com.testcases.ProductTestCase.close(ProductTestCase.java:25)
at com.testcases.ProductTestCase.close(ProductTestCase.java:25)
at com.testcases.ProductTestCase.close(ProductTestCase.java:25)
at com.testcases.ProductTestCase.close(ProductTestCase.java:25)
at com.testcases.ProductTestCase.close(ProductTestCase.java:25)
at com.testcases.ProductTestCase.close(ProductTestCase.java:25)
at com.testcases.ProductTestCase.close(ProductTestCase.java:25)
at com.testcases.ProductTestCase.close(ProductTestCase.java:25)
at com.testcases.ProductTestCase.close(ProductTestCase.java:25)
at com.testcases.ProductTestCase.close(ProductTestCase.java:25)
at com.testcases.ProductTestCase.close(ProductTestCase.java:25)
at com.testcases.ProductTestCase.close(ProductTestCase.java:25)
at com.testcases.ProductTestCase.close(ProductTestCase.java:25)
at com.testcases.ProductTestCase.close(ProductTestCase.java:25)
at com.testcases.ProductTestCase.close(ProductTestCase.java:25)
at com.testcases.ProductTestCase.close(ProductTestCase.java:25)
at com.testcases.ProductTestCase.close(ProductTestCase.java:25)
at com.testcases.ProductTestCase.close(ProductTestCase.java:25)
at com.testcases.ProductTestCase.close(ProductTestCase.java:25)
at com.testcases.ProductTestCase.close(ProductTestCase.java:25)
at com.testcases.ProductTestCase.close(ProductTestCase.java:25)
at com.testcases.ProductTestCase.close(ProductTestCase.java:25)
at com.testcases.ProductTestCase.close(ProductTestCase.java:25)
at com.testcases.ProductTestCase.close(ProductTestCase.java:25)
at com.testcases.ProductTestCase.close(ProductTestCase.java:25)
at com.testcases.ProductTestCase.close(ProductTestCase.java:25)
at com.testcases.ProductTestCase.close(ProductTestCase.java:25)
at com.testcases.ProductTestCase.close(ProductTestCase.java:25)
at com.testcases.ProductTestCase.close(ProductTestCase.java:25)
at com.testcases.ProductTestCase.close(ProductTestCase.java:25)
at com.testcases.ProductTestCase.close(ProductTestCase.java:25)
at com.testcases.ProductTestCase.close(ProductTestCase.java:25)
at com.testcases.ProductTestCase.close(ProductTestCase.java:25)
at com.testcases.ProductTestCase.close(ProductTestCase.java:25)
at com.testcases.ProductTestCase.close(ProductTestCase.java:25)
at com.testcases.ProductTestCase.close(ProductTestCase.java:25)
at com.testcases.ProductTestCase.close(ProductTestCase.java:25)
at com.testcases.ProductTestCase.close(ProductTestCase.java:25)
at com.testcases.ProductTestCase.close(ProductTestCase.java:25)
at com.testcases.ProductTestCase.close(ProductTestCase.java:25)
at com.testcases.ProductTestCase.close(ProductTestCase.java:25)
at com.testcases.ProductTestCase.close(ProductTestCase.java:25)
at com.testcases.ProductTestCase.close(ProductTestCase.java:25)
at com.testcases.ProductTestCase.close(ProductTestCase.java:25)
at com.testcases.ProductTestCase.close(ProductTestCase.java:25)
at com.testcases.ProductTestCase.close(ProductTestCase.java:25)
at com.testcases.ProductTestCase.close(ProductTestCase.java:25)
at com.testcases.ProductTestCase.close(ProductTestCase.java:25)
at com.testcases.ProductTestCase.close(ProductTestCase.java:25)
at com.testcases.ProductTestCase.close(ProductTestCase.java:25)
at com.testcases.ProductTestCase.close(ProductTestCase.java:25)
at com.testcases.ProductTestCase.close(ProductTestCase.java:25)
at com.testcases.ProductTestCase.close(ProductTestCase.java:25)
at com.testcases.ProductTestCase.close(ProductTestCase.java:25)
at com.testcases.ProductTestCase.close(ProductTestCase.java:25)
at com.testcases.ProductTestCase.close(ProductTestCase.java:25)
at com.testcases.ProductTestCase.close(ProductTestCase.java:25)
at com.testcases.ProductTestCase.close(ProductTestCase.java:25)
at com.testcases.ProductTestCase.close(ProductTestCase.java:25)
at com.testcases.ProductTestCase.close(ProductTestCase.java:25)
at com.testcases.ProductTestCase.close(ProductTestCase.java:25)
at com.testcases.ProductTestCase.close(ProductTestCase.java:25)
at com.testcases.ProductTestCase.close(ProductTestCase.java:25)
at com.testcases.ProductTestCase.close(ProductTestCase.java:25)
at com.testcases.ProductTestCase.close(ProductTestCase.java:25)
at com.testcases.ProductTestCase.close(ProductTestCase.java:25)
at com.testcases.ProductTestCase.close(ProductTestCase.java:25)
at com.testcases.ProductTestCase.close(ProductTestCase.java:25)
at com.testcases.ProductTestCase.close(ProductTestCase.java:25)
at com.testcases.ProductTestCase.close(ProductTestCase.java:25)
at com.testcases.ProductTestCase.close(ProductTestCase.java:25)
at com.testcases.ProductTestCase.close(ProductTestCase.java:25)
at com.testcases.ProductTestCase.close(ProductTestCase.java:25)
at com.testcases.ProductTestCase.close(ProductTestCase.java:25)
at com.testcases.ProductTestCase.close(ProductTestCase.java:25)
at com.testcases.ProductTestCase.close(ProductTestCase.java:25)
at com.testcases.ProductTestCase.close(ProductTestCase.java:25)
at com.testcases.ProductTestCase.close(ProductTestCase.java:25)
at com.testcases.ProductTestCase.close(ProductTestCase.java:25)
at com.testcases.ProductTestCase.close(ProductTestCase.java:25)
at com.testcases.ProductTestCase.close(ProductTestCase.java:25)
at com.testcases.ProductTestCase.close(ProductTestCase.java:25)
at com.testcases.ProductTestCase.close(ProductTestCase.java:25)
at com.testcases.ProductTestCase.close(ProductTestCase.java:25)
at com.testcases.ProductTestCase.close(ProductTestCase.java:25)
at com.testcases.ProductTestCase.close(ProductTestCase.java:25)
at com.testcases.ProductTestCase.close(ProductTestCase.java:25)
at com.testcases.ProductTestCase.close(ProductTestCase.java:25)
at com.testcases.ProductTestCase.close(ProductTestCase.java:25)
at com.testcases.ProductTestCase.close(ProductTestCase.java:25)
at com.testcases.ProductTestCase.close(ProductTestCase.java:25)
at com.testcases.ProductTestCase.close(ProductTestCase.java:25)
at com.testcases.ProductTestCase.close(ProductTestCase.java:25)
at com.testcases.ProductTestCase.close(ProductTestCase.java:25)
at com.testcases.ProductTestCase.close(ProductTestCase.java:25)
at com.testcases.ProductTestCase.close(ProductTestCase.java:25)
at com.testcases.ProductTestCase.close(ProductTestCase.java:25)
at com.testcases.ProductTestCase.close(ProductTestCase.java:25)
at com.testcases.ProductTestCase.close(ProductTestCase.java:25)
at com.testcases.ProductTestCase.close(ProductTestCase.java:25)
at com.testcases.ProductTestCase.close(ProductTestCase.java:25)
at com.testcases.ProductTestCase.close(ProductTestCase.java:25)
at com.testcases.ProductTestCase.close(ProductTestCase.java:25)
at com.testcases.ProductTestCase.close(ProductTestCase.java:25)
at com.testcases.ProductTestCase.close(ProductTestCase.java:25)
at com.testcases.ProductTestCase.close(ProductTestCase.java:25)
at com.testcases.ProductTestCase.close(ProductTestCase.java:25)
at com.testcases.ProductTestCase.close(ProductTestCase.java:25)
at com.testcases.ProductTestCase.close(ProductTestCase.java:25)
at com.testcases.ProductTestCase.close(ProductTestCase.java:25)
at com.testcases.ProductTestCase.close(ProductTestCase.java:25)
at com.testcases.ProductTestCase.close(ProductTestCase.java:25)
at com.testcases.ProductTestCase.close(ProductTestCase.java:25)
at com.testcases.ProductTestCase.close(ProductTestCase.java:25)
at com.testcases.ProductTestCase.close(ProductTestCase.java:25)
at com.testcases.ProductTestCase.close(ProductTestCase.java:25)
at com.testcases.ProductTestCase.close(ProductTestCase.java:25)
at com.testcases.ProductTestCase.close(ProductTestCase.java:25)
at com.testcases.ProductTestCase.close(ProductTestCase.java:25)
at com.testcases.ProductTestCase.close(ProductTestCase.java:25)
at com.testcases.ProductTestCase.close(ProductTestCase.java:25)
at com.testcases.ProductTestCase.close(ProductTestCase.java:25)
at com.testcases.ProductTestCase.close(ProductTestCase.java:25)
at com.testcases.ProductTestCase.close(ProductTestCase.java:25)
at com.testcases.ProductTestCase.close(ProductTestCase.java:25)
at com.testcases.ProductTestCase.close(ProductTestCase.java:25)
at com.testcases.ProductTestCase.close(ProductTestCase.java:25)
at com.testcases.ProductTestCase.close(ProductTestCase.java:25)
at com.testcases.ProductTestCase.close(ProductTestCase.java:25)
at com.testcases.ProductTestCase.close(ProductTestCase.java:25)
at com.testcases.ProductTestCase.close(ProductTestCase.java:25)
at com.testcases.ProductTestCase.close(ProductTestCase.java:25)
at com.testcases.ProductTestCase.close(ProductTestCase.java:25)
at com.testcases.ProductTestCase.close(ProductTestCase.java:25)
at com.testcases.ProductTestCase.close(ProductTestCase.java:25)
at com.testcases.ProductTestCase.close(ProductTestCase.java:25)
at com.testcases.ProductTestCase.close(ProductTestCase.java:25)
at com.testcases.ProductTestCase.close(ProductTestCase.java:25)
at com.testcases.ProductTestCase.close(ProductTestCase.java:25)
at com.testcases.ProductTestCase.close(ProductTestCase.java:25)
at com.testcases.ProductTestCase.close(ProductTestCase.java:25)
at com.testcases.ProductTestCase.close(ProductTestCase.java:25)
at com.testcases.ProductTestCase.close(ProductTestCase.java:25)
at com.testcases.ProductTestCase.close(ProductTestCase.java:25)
at com.testcases.ProductTestCase.close(ProductTestCase.java:25)
at com.testcases.ProductTestCase.close(ProductTestCase.java:25)
at com.testcases.ProductTestCase.close(ProductTestCase.java:25)
at com.testcases.ProductTestCase.close(ProductTestCase.java:25)
at com.testcases.ProductTestCase.close(ProductTestCase.java:25)
at com.testcases.ProductTestCase.close(ProductTestCase.java:25)
at com.testcases.ProductTestCase.close(ProductTestCase.java:25)
at com.testcases.ProductTestCase.close(ProductTestCase.java:25)
at com.testcases.ProductTestCase.close(ProductTestCase.java:25)
at com.testcases.ProductTestCase.close(ProductTestCase.java:25)
at com.testcases.ProductTestCase.close(ProductTestCase.java:25)
at com.testcases.ProductTestCase.close(ProductTestCase.java:25)
at com.testcases.ProductTestCase.close(ProductTestCase.java:25)
at com.testcases.ProductTestCase.close(ProductTestCase.java:25)
at com.testcases.ProductTestCase.close(ProductTestCase.java:25)
at com.testcases.ProductTestCase.close(ProductTestCase.java:25)
at com.testcases.ProductTestCase.close(ProductTestCase.java:25)
at com.testcases.ProductTestCase.close(ProductTestCase.java:25)
at com.testcases.ProductTestCase.close(ProductTestCase.java:25)
at com.testcases.ProductTestCase.close(ProductTestCase.java:25)
at com.testcases.ProductTestCase.close(ProductTestCase.java:25)
at com.testcases.ProductTestCase.close(ProductTestCase.java:25)
at com.testcases.ProductTestCase.close(ProductTestCase.java:25)
at com.testcases.ProductTestCase.close(ProductTestCase.java:25)
at com.testcases.ProductTestCase.close(ProductTestCase.java:25)
at com.testcases.ProductTestCase.close(ProductTestCase.java:25)
at com.testcases.ProductTestCase.close(ProductTestCase.java:25)
at com.testcases.ProductTestCase.close(ProductTestCase.java:25)
at com.testcases.ProductTestCase.close(ProductTestCase.java:25)
at com.testcases.ProductTestCase.close(ProductTestCase.java:25)
at com.testcases.ProductTestCase.close(ProductTestCase.java:25)
at com.testcases.ProductTestCase.close(ProductTestCase.java:25)
at com.testcases.ProductTestCase.close(ProductTestCase.java:25)
at com.testcases.ProductTestCase.close(ProductTestCase.java:25)
at com.testcases.ProductTestCase.close(ProductTestCase.java:25)
at com.testcases.ProductTestCase.close(ProductTestCase.java:25)
at com.testcases.ProductTestCase.close(ProductTestCase.java:25)
at com.testcases.ProductTestCase.close(ProductTestCase.java:25)
at com.testcases.ProductTestCase.close(ProductTestCase.java:25)
at com.testcases.ProductTestCase.close(ProductTestCase.java:25)
at com.testcases.ProductTestCase.close(ProductTestCase.java:25)
at com.testcases.ProductTestCase.close(ProductTestCase.java:25)
at com.testcases.ProductTestCase.close(ProductTestCase.java:25)
at com.testcases.ProductTestCase.close(ProductTestCase.java:25)
at com.testcases.ProductTestCase.close(ProductTestCase.java:25)
at com.testcases.ProductTestCase.close(ProductTestCase.java:25)
at com.testcases.ProductTestCase.close(ProductTestCase.java:25)
at com.testcases.ProductTestCase.close(ProductTestCase.java:25)
at com.testcases.ProductTestCase.close(ProductTestCase.java:25)
at com.testcases.ProductTestCase.close(ProductTestCase.java:25)
at com.testcases.ProductTestCase.close(ProductTestCase.java:25)
at com.testcases.ProductTestCase.close(ProductTestCase.java:25)
at com.testcases.ProductTestCase.close(ProductTestCase.java:25)
at com.testcases.ProductTestCase.close(ProductTestCase.java:25)
at com.testcases.ProductTestCase.close(ProductTestCase.java:25)
at com.testcases.ProductTestCase.close(ProductTestCase.java:25)
at com.testcases.ProductTestCase.close(ProductTestCase.java:25)
at com.testcases.ProductTestCase.close(ProductTestCase.java:25)
at com.testcases.ProductTestCase.close(ProductTestCase.java:25)
at com.testcases.ProductTestCase.close(ProductTestCase.java:25)
at com.testcases.ProductTestCase.close(ProductTestCase.java:25)
at com.testcases.ProductTestCase.close(ProductTestCase.java:25)
at com.testcases.ProductTestCase.close(ProductTestCase.java:25)
at com.testcases.ProductTestCase.close(ProductTestCase.java:25)
at com.testcases.ProductTestCase.close(ProductTestCase.java:25)
at com.testcases.ProductTestCase.close(ProductTestCase.java:25)
at com.testcases.ProductTestCase.close(ProductTestCase.java:25)
at com.testcases.ProductTestCase.close(ProductTestCase.java:25)
at com.testcases.ProductTestCase.close(ProductTestCase.java:25)
at com.testcases.ProductTestCase.close(ProductTestCase.java:25)
at com.testcases.ProductTestCase.close(ProductTestCase.java:25)
at com.testcases.ProductTestCase.close(ProductTestCase.java:25)
at com.testcases.ProductTestCase.close(ProductTestCase.java:25)
at com.testcases.ProductTestCase.close(ProductTestCase.java:25)
at com.testcases.ProductTestCase.close(ProductTestCase.java:25)
at com.testcases.ProductTestCase.close(ProductTestCase.java:25)
at com.testcases.ProductTestCase.close(ProductTestCase.java:25)
at com.testcases.ProductTestCase.close(ProductTestCase.java:25)
at com.testcases.ProductTestCase.close(ProductTestCase.java:25)
at com.testcases.ProductTestCase.close(ProductTestCase.java:25)
at com.testcases.ProductTestCase.close(ProductTestCase.java:25)
at com.testcases.ProductTestCase.close(ProductTestCase.java:25)
at com.testcases.ProductTestCase.close(ProductTestCase.java:25)
at com.testcases.ProductTestCase.close(ProductTestCase.java:25)
at com.testcases.ProductTestCase.close(ProductTestCase.java:25)
at com.testcases.ProductTestCase.close(ProductTestCase.java:25)
at com.testcases.ProductTestCase.close(ProductTestCase.java:25)
at com.testcases.ProductTestCase.close(ProductTestCase.java:25)
at com.testcases.ProductTestCase.close(ProductTestCase.java:25)
at com.testcases.ProductTestCase.close(ProductTestCase.java:25)
at com.testcases.ProductTestCase.close(ProductTestCase.java:25)
at com.testcases.ProductTestCase.close(ProductTestCase.java:25)
at com.testcases.ProductTestCase.close(ProductTestCase.java:25)
at com.testcases.ProductTestCase.close(ProductTestCase.java:25)
at com.testcases.ProductTestCase.close(ProductTestCase.java:25)
at com.testcases.ProductTestCase.close(ProductTestCase.java:25)
at com.testcases.ProductTestCase.close(ProductTestCase.java:25)
at com.testcases.ProductTestCase.close(ProductTestCase.java:25)
at com.testcases.ProductTestCase.close(ProductTestCase.java:25)
at com.testcases.ProductTestCase.close(ProductTestCase.java:25)
at com.testcases.ProductTestCase.close(ProductTestCase.java:25)
at com.testcases.ProductTestCase.close(ProductTestCase.java:25)
at com.testcases.ProductTestCase.close(ProductTestCase.java:25)
at com.testcases.ProductTestCase.close(ProductTestCase.java:25)
at com.testcases.ProductTestCase.close(ProductTestCase.java:25)
at com.testcases.ProductTestCase.close(ProductTestCase.java:25)
at com.testcases.ProductTestCase.close(ProductTestCase.java:25)
at com.testcases.ProductTestCase.close(ProductTestCase.java:25)
at com.testcases.ProductTestCase.close(ProductTestCase.java:25)
at com.testcases.ProductTestCase.close(ProductTestCase.java:25)
at com.testcases.ProductTestCase.close(ProductTestCase.java:25)
at com.testcases.ProductTestCase.close(ProductTestCase.java:25)
at com.testcases.ProductTestCase.close(ProductTestCase.java:25)
at com.testcases.ProductTestCase.close(ProductTestCase.java:25)
at com.testcases.ProductTestCase.close(ProductTestCase.java:25)
at com.testcases.ProductTestCase.close(ProductTestCase.java:25)
at com.testcases.ProductTestCase.close(ProductTestCase.java:25)
at com.testcases.ProductTestCase.close(ProductTestCase.java:25)
at com.testcases.ProductTestCase.close(ProductTestCase.java:25)
at com.testcases.ProductTestCase.close(ProductTestCase.java:25)
at com.testcases.ProductTestCase.close(ProductTestCase.java:25)
at com.testcases.ProductTestCase.close(ProductTestCase.java:25)
at com.testcases.ProductTestCase.close(ProductTestCase.java:25)
at com.testcases.ProductTestCase.close(ProductTestCase.java:25)
at com.testcases.ProductTestCase.close(ProductTestCase.java:25)
at com.testcases.ProductTestCase.close(ProductTestCase.java:25)
at com.testcases.ProductTestCase.close(ProductTestCase.java:25)
at com.testcases.ProductTestCase.close(ProductTestCase.java:25)
at com.testcases.ProductTestCase.close(ProductTestCase.java:25)
at com.testcases.ProductTestCase.close(ProductTestCase.java:25)
at com.testcases.ProductTestCase.close(ProductTestCase.java:25)
at com.testcases.ProductTestCase.close(ProductTestCase.java:25)
at com.testcases.ProductTestCase.close(ProductTestCase.java:25)
at com.testcases.ProductTestCase.close(ProductTestCase.java:25)
at com.testcases.ProductTestCase.close(ProductTestCase.java:25)
at com.testcases.ProductTestCase.close(ProductTestCase.java:25)
at com.testcases.ProductTestCase.close(ProductTestCase.java:25)
at com.testcases.ProductTestCase.close(ProductTestCase.java:25)
at com.testcases.ProductTestCase.close(ProductTestCase.java:25)
at com.testcases.ProductTestCase.close(ProductTestCase.java:25)
at com.testcases.ProductTestCase.close(ProductTestCase.java:25)
at com.testcases.ProductTestCase.close(ProductTestCase.java:25)
at com.testcases.ProductTestCase.close(ProductTestCase.java:25)
at com.testcases.ProductTestCase.close(ProductTestCase.java:25)
at com.testcases.ProductTestCase.close(ProductTestCase.java:25)
at com.testcases.ProductTestCase.close(ProductTestCase.java:25)
at com.testcases.ProductTestCase.close(ProductTestCase.java:25)
at com.testcases.ProductTestCase.close(ProductTestCase.java:25)
at com.testcases.ProductTestCase.close(ProductTestCase.java:25)
at com.testcases.ProductTestCase.close(ProductTestCase.java:25)
at com.testcases.ProductTestCase.close(ProductTestCase.java:25)
at com.testcases.ProductTestCase.close(ProductTestCase.java:25)
at com.testcases.ProductTestCase.close(ProductTestCase.java:25)
at com.testcases.ProductTestCase.close(ProductTestCase.java:25)
at com.testcases.ProductTestCase.close(ProductTestCase.java:25)
at com.testcases.ProductTestCase.close(ProductTestCase.java:25)
at com.testcases.ProductTestCase.close(ProductTestCase.java:25)
at com.testcases.ProductTestCase.close(ProductTestCase.java:25)
at com.testcases.ProductTestCase.close(ProductTestCase.java:25)
at com.testcases.ProductTestCase.close(ProductTestCase.java:25)
at com.testcases.ProductTestCase.close(ProductTestCase.java:25)
at com.testcases.ProductTestCase.close(ProductTestCase.java:25)
at com.testcases.ProductTestCase.close(ProductTestCase.java:25)
at com.testcases.ProductTestCase.close(ProductTestCase.java:25)
at com.testcases.ProductTestCase.close(ProductTestCase.java:25)
at com.testcases.ProductTestCase.close(ProductTestCase.java:25)
at com.testcases.ProductTestCase.close(ProductTestCase.java:25)
at com.testcases.ProductTestCase.close(ProductTestCase.java:25)
at com.testcases.ProductTestCase.close(ProductTestCase.java:25)
at com.testcases.ProductTestCase.close(ProductTestCase.java:25)
at com.testcases.ProductTestCase.close(ProductTestCase.java:25)
at com.testcases.ProductTestCase.close(ProductTestCase.java:25)
at com.testcases.ProductTestCase.close(ProductTestCase.java:25)
at com.testcases.ProductTestCase.close(ProductTestCase.java:25)
at com.testcases.ProductTestCase.close(ProductTestCase.java:25)
at com.testcases.ProductTestCase.close(ProductTestCase.java:25)
at com.testcases.ProductTestCase.close(ProductTestCase.java:25)
at com.testcases.ProductTestCase.close(ProductTestCase.java:25)
at com.testcases.ProductTestCase.close(ProductTestCase.java:25)
at com.testcases.ProductTestCase.close(ProductTestCase.java:25)
at com.testcases.ProductTestCase.close(ProductTestCase.java:25)
at com.testcases.ProductTestCase.close(ProductTestCase.java:25)
at com.testcases.ProductTestCase.close(ProductTestCase.java:25)
at com.testcases.ProductTestCase.close(ProductTestCase.java:25)
at com.testcases.ProductTestCase.close(ProductTestCase.java:25)
at com.testcases.ProductTestCase.close(ProductTestCase.java:25)
at com.testcases.ProductTestCase.close(ProductTestCase.java:25)
at com.testcases.ProductTestCase.close(ProductTestCase.java:25)
at com.testcases.ProductTestCase.close(ProductTestCase.java:25)
at com.testcases.ProductTestCase.close(ProductTestCase.java:25)
at com.testcases.ProductTestCase.close(ProductTestCase.java:25)
at com.testcases.ProductTestCase.close(ProductTestCase.java:25)
at com.testcases.ProductTestCase.close(ProductTestCase.java:25)
at com.testcases.ProductTestCase.close(ProductTestCase.java:25)
at com.testcases.ProductTestCase.close(ProductTestCase.java:25)
at com.testcases.ProductTestCase.close(ProductTestCase.java:25)
at com.testcases.ProductTestCase.close(ProductTestCase.java:25)
at com.testcases.ProductTestCase.close(ProductTestCase.java:25)
at com.testcases.ProductTestCase.close(ProductTestCase.java:25)
at com.testcases.ProductTestCase.close(ProductTestCase.java:25)
at com.testcases.ProductTestCase.close(ProductTestCase.java:25)
at com.testcases.ProductTestCase.close(ProductTestCase.java:25)
at com.testcases.ProductTestCase.close(ProductTestCase.java:25)
at com.testcases.ProductTestCase.close(ProductTestCase.java:25)
at com.testcases.ProductTestCase.close(ProductTestCase.java:25)
at com.testcases.ProductTestCase.close(ProductTestCase.java:25)
at com.testcases.ProductTestCase.close(ProductTestCase.java:25)
at com.testcases.ProductTestCase.close(ProductTestCase.java:25)
at com.testcases.ProductTestCase.close(ProductTestCase.java:25)
at com.testcases.ProductTestCase.close(ProductTestCase.java:25)
at com.testcases.ProductTestCase.close(ProductTestCase.java:25)
at com.testcases.ProductTestCase.close(ProductTestCase.java:25)
at com.testcases.ProductTestCase.close(ProductTestCase.java:25)
at com.testcases.ProductTestCase.close(ProductTestCase.java:25)
at com.testcases.ProductTestCase.close(ProductTestCase.java:25)
at com.testcases.ProductTestCase.close(ProductTestCase.java:25)
at com.testcases.ProductTestCase.close(ProductTestCase.java:25)
at com.testcases.ProductTestCase.close(ProductTestCase.java:25)
at com.testcases.ProductTestCase.close(ProductTestCase.java:25)
at com.testcases.ProductTestCase.close(ProductTestCase.java:25)
at com.testcases.ProductTestCase.close(ProductTestCase.java:25)
at com.testcases.ProductTestCase.close(ProductTestCase.java:25)
at com.testcases.ProductTestCase.close(ProductTestCase.java:25)
at com.testcases.ProductTestCase.close(ProductTestCase.java:25)
at com.testcases.ProductTestCase.close(ProductTestCase.java:25)
at com.testcases.ProductTestCase.close(ProductTestCase.java:25)
at com.testcases.ProductTestCase.close(ProductTestCase.java:25)
at com.testcases.ProductTestCase.close(ProductTestCase.java:25)
at com.testcases.ProductTestCase.close(ProductTestCase.java:25)
at com.testcases.ProductTestCase.close(ProductTestCase.java:25)
at com.testcases.ProductTestCase.close(ProductTestCase.java:25)
at com.testcases.ProductTestCase.close(ProductTestCase.java:25)
at com.testcases.ProductTestCase.close(ProductTestCase.java:25)
at com.testcases.ProductTestCase.close(ProductTestCase.java:25)
at com.testcases.ProductTestCase.close(ProductTestCase.java:25)
at com.testcases.ProductTestCase.close(ProductTestCase.java:25)
at com.testcases.ProductTestCase.close(ProductTestCase.java:25)
at com.testcases.ProductTestCase.close(ProductTestCase.java:25)
at com.testcases.ProductTestCase.close(ProductTestCase.java:25)
at com.testcases.ProductTestCase.close(ProductTestCase.java:25)
at com.testcases.ProductTestCase.close(ProductTestCase.java:25)
at com.testcases.ProductTestCase.close(ProductTestCase.java:25)
at com.testcases.ProductTestCase.close(ProductTestCase.java:25)
at com.testcases.ProductTestCase.close(ProductTestCase.java:25)
at com.testcases.ProductTestCase.close(ProductTestCase.java:25)
at com.testcases.ProductTestCase.close(ProductTestCase.java:25)
at com.testcases.ProductTestCase.close(ProductTestCase.java:25)
at com.testcases.ProductTestCase.close(ProductTestCase.java:25)
at com.testcases.ProductTestCase.close(ProductTestCase.java:25)
at com.testcases.ProductTestCase.close(ProductTestCase.java:25)
at com.testcases.ProductTestCase.close(ProductTestCase.java:25)
at com.testcases.ProductTestCase.close(ProductTestCase.java:25)
at com.testcases.ProductTestCase.close(ProductTestCase.java:25)
at com.testcases.ProductTestCase.close(ProductTestCase.java:25)
at com.testcases.ProductTestCase.close(ProductTestCase.java:25)
at com.testcases.ProductTestCase.close(ProductTestCase.java:25)
at com.testcases.ProductTestCase.close(ProductTestCase.java:25)
at com.testcases.ProductTestCase.close(ProductTestCase.java:25)
at com.testcases.ProductTestCase.close(ProductTestCase.java:25)
at com.testcases.ProductTestCase.close(ProductTestCase.java:25)
at com.testcases.ProductTestCase.close(ProductTestCase.java:25)
at com.testcases.ProductTestCase.close(ProductTestCase.java:25)
at com.testcases.ProductTestCase.close(ProductTestCase.java:25)
at com.testcases.ProductTestCase.close(ProductTestCase.java:25)
at com.testcases.ProductTestCase.close(ProductTestCase.java:25)
at com.testcases.ProductTestCase.close(ProductTestCase.java:25)
at com.testcases.ProductTestCase.close(ProductTestCase.java:25)
at com.testcases.ProductTestCase.close(ProductTestCase.java:25)
at com.testcases.ProductTestCase.close(ProductTestCase.java:25)
at com.testcases.ProductTestCase.close(ProductTestCase.java:25)
at com.testcases.ProductTestCase.close(ProductTestCase.java:25)
at com.testcases.ProductTestCase.close(ProductTestCase.java:25)
at com.testcases.ProductTestCase.close(ProductTestCase.java:25)
at com.testcases.ProductTestCase.close(ProductTestCase.java:25)
at com.testcases.ProductTestCase.close(ProductTestCase.java:25)
at com.testcases.ProductTestCase.close(ProductTestCase.java:25)
at com.testcases.ProductTestCase.close(ProductTestCase.java:25)
at com.testcases.ProductTestCase.close(ProductTestCase.java:25)
at com.testcases.ProductTestCase.close(ProductTestCase.java:25)
at com.testcases.ProductTestCase.close(ProductTestCase.java:25)
at com.testcases.ProductTestCase.close(ProductTestCase.java:25)
at com.testcases.ProductTestCase.close(ProductTestCase.java:25)
at com.testcases.ProductTestCase.close(ProductTestCase.java:25)
at com.testcases.ProductTestCase.close(ProductTestCase.java:25)
at com.testcases.ProductTestCase.close(ProductTestCase.java:25)
at com.testcases.ProductTestCase.close(ProductTestCase.java:25)
at com.testcases.ProductTestCase.close(ProductTestCase.java:25)
at com.testcases.ProductTestCase.close(ProductTestCase.java:25)
at com.testcases.ProductTestCase.close(ProductTestCase.java:25)
at com.testcases.ProductTestCase.close(ProductTestCase.java:25)
at com.testcases.ProductTestCase.close(ProductTestCase.java:25)
at com.testcases.ProductTestCase.close(ProductTestCase.java:25)
at com.testcases.ProductTestCase.close(ProductTestCase.java:25)
at com.testcases.ProductTestCase.close(ProductTestCase.java:25)
at com.testcases.ProductTestCase.close(ProductTestCase.java:25)
at com.testcases.ProductTestCase.close(ProductTestCase.java:25)
at com.testcases.ProductTestCase.close(ProductTestCase.java:25)
at com.testcases.ProductTestCase.close(ProductTestCase.java:25)
at com.testcases.ProductTestCase.close(ProductTestCase.java:25)
at com.testcases.ProductTestCase.close(ProductTestCase.java:25)
at com.testcases.ProductTestCase.close(ProductTestCase.java:25)
at com.testcases.ProductTestCase.close(ProductTestCase.java:25)
at com.testcases.ProductTestCase.close(ProductTestCase.java:25)
at com.testcases.ProductTestCase.close(ProductTestCase.java:25)
at com.testcases.ProductTestCase.close(ProductTestCase.java:25)
at com.testcases.ProductTestCase.close(ProductTestCase.java:25)
at com.testcases.ProductTestCase.close(ProductTestCase.java:25)
at com.testcases.ProductTestCase.close(ProductTestCase.java:25)
at com.testcases.ProductTestCase.close(ProductTestCase.java:25)
at com.testcases.ProductTestCase.close(ProductTestCase.java:25)
at com.testcases.ProductTestCase.close(ProductTestCase.java:25)
at com.testcases.ProductTestCase.close(ProductTestCase.java:25)
at com.testcases.ProductTestCase.close(ProductTestCase.java:25)
at com.testcases.ProductTestCase.close(ProductTestCase.java:25)
at com.testcases.ProductTestCase.close(ProductTestCase.java:25)
at com.testcases.ProductTestCase.close(ProductTestCase.java:25)
at com.testcases.ProductTestCase.close(ProductTestCase.java:25)
at com.testcases.ProductTestCase.close(ProductTestCase.java:25)
at com.testcases.ProductTestCase.close(ProductTestCase.java:25)
at com.testcases.ProductTestCase.close(ProductTestCase.java:25)
at com.testcases.ProductTestCase.close(ProductTestCase.java:25)
at com.testcases.ProductTestCase.close(ProductTestCase.java:25)
at com.testcases.ProductTestCase.close(ProductTestCase.java:25)
at com.testcases.ProductTestCase.close(ProductTestCase.java:25)
at com.testcases.ProductTestCase.close(ProductTestCase.java:25)
at com.testcases.ProductTestCase.close(ProductTestCase.java:25)
at com.testcases.ProductTestCase.close(ProductTestCase.java:25)
at com.testcases.ProductTestCase.close(ProductTestCase.java:25)
at com.testcases.ProductTestCase.close(ProductTestCase.java:25)
at com.testcases.ProductTestCase.close(ProductTestCase.java:25)
at com.testcases.ProductTestCase.close(ProductTestCase.java:25)
at com.testcases.ProductTestCase.close(ProductTestCase.java:25)
at com.testcases.ProductTestCase.close(ProductTestCase.java:25)
at com.testcases.ProductTestCase.close(ProductTestCase.java:25)
at com.testcases.ProductTestCase.close(ProductTestCase.java:25)
at com.testcases.ProductTestCase.close(ProductTestCase.java:25)
at com.testcases.ProductTestCase.close(ProductTestCase.java:25)
at com.testcases.ProductTestCase.close(ProductTestCase.java:25)
at com.testcases.ProductTestCase.close(ProductTestCase.java:25)
at com.testcases.ProductTestCase.close(ProductTestCase.java:25)
at com.testcases.ProductTestCase.close(ProductTestCase.java:25)
at com.testcases.ProductTestCase.close(ProductTestCase.java:25)
at com.testcases.ProductTestCase.close(ProductTestCase.java:25)
at com.testcases.ProductTestCase.close(ProductTestCase.java:25)
at com.testcases.ProductTestCase.close(ProductTestCase.java:25)
at com.testcases.ProductTestCase.close(ProductTestCase.java:25)
at com.testcases.ProductTestCase.close(ProductTestCase.java:25)
at com.testcases.ProductTestCase.close(ProductTestCase.java:25)
at com.testcases.ProductTestCase.close(ProductTestCase.java:25)
at com.testcases.ProductTestCase.close(ProductTestCase.java:25)
at com.testcases.ProductTestCase.close(ProductTestCase.java:25)
at com.testcases.ProductTestCase.close(ProductTestCase.java:25)
at com.testcases.ProductTestCase.close(ProductTestCase.java:25)
at com.testcases.ProductTestCase.close(ProductTestCase.java:25)
at com.testcases.ProductTestCase.close(ProductTestCase.java:25)
at com.testcases.ProductTestCase.close(ProductTestCase.java:25)
at com.testcases.ProductTestCase.close(ProductTestCase.java:25)
at com.testcases.ProductTestCase.close(ProductTestCase.java:25)
at com.testcases.ProductTestCase.close(ProductTestCase.java:25)
at com.testcases.ProductTestCase.close(ProductTestCase.java:25)
at com.testcases.ProductTestCase.close(ProductTestCase.java:25)
at com.testcases.ProductTestCase.close(ProductTestCase.java:25)
at com.testcases.ProductTestCase.close(ProductTestCase.java:25)
at com.testcases.ProductTestCase.close(ProductTestCase.java:25)
at com.testcases.ProductTestCase.close(ProductTestCase.java:25)
at com.testcases.ProductTestCase.close(ProductTestCase.java:25)
at com.testcases.ProductTestCase.close(ProductTestCase.java:25)
at com.testcases.ProductTestCase.close(ProductTestCase.java:25)
at com.testcases.ProductTestCase.close(ProductTestCase.java:25)
at com.testcases.ProductTestCase.close(ProductTestCase.java:25)
at com.testcases.ProductTestCase.close(ProductTestCase.java:25)
at com.testcases.ProductTestCase.close(ProductTestCase.java:25)
at com.testcases.ProductTestCase.close(ProductTestCase.java:25)
at com.testcases.ProductTestCase.close(ProductTestCase.java:25)
at com.testcases.ProductTestCase.close(ProductTestCase.java:25)
at com.testcases.ProductTestCase.close(ProductTestCase.java:25)
at com.testcases.ProductTestCase.close(ProductTestCase.java:25)
at com.testcases.ProductTestCase.close(ProductTestCase.java:25)
at com.testcases.ProductTestCase.close(ProductTestCase.java:25)
at com.testcases.ProductTestCase.close(ProductTestCase.java:25)
at com.testcases.ProductTestCase.close(ProductTestCase.java:25)
at com.testcases.ProductTestCase.close(ProductTestCase.java:25)
at com.testcases.ProductTestCase.close(ProductTestCase.java:25)
at com.testcases.ProductTestCase.close(ProductTestCase.java:25)
at com.testcases.ProductTestCase.close(ProductTestCase.java:25)
at com.testcases.ProductTestCase.close(ProductTestCase.java:25)
at com.testcases.ProductTestCase.close(ProductTestCase.java:25)
at com.testcases.ProductTestCase.close(ProductTestCase.java:25)
at com.testcases.ProductTestCase.close(ProductTestCase.java:25)
at com.testcases.ProductTestCase.close(ProductTestCase.java:25)
at com.testcases.ProductTestCase.close(ProductTestCase.java:25)
at com.testcases.ProductTestCase.close(ProductTestCase.java:25)
at com.testcases.ProductTestCase.close(ProductTestCase.java:25)
at com.testcases.ProductTestCase.close(ProductTestCase.java:25)
at com.testcases.ProductTestCase.close(ProductTestCase.java:25)
at com.testcases.ProductTestCase.close(ProductTestCase.java:25)
at com.testcases.ProductTestCase.close(ProductTestCase.java:25)
at com.testcases.ProductTestCase.close(ProductTestCase.java:25)
at com.testcases.ProductTestCase.close(ProductTestCase.java:25)
at com.testcases.ProductTestCase.close(ProductTestCase.java:25)
at com.testcases.ProductTestCase.close(ProductTestCase.java:25)
at com.testcases.ProductTestCase.close(ProductTestCase.java:25)
at com.testcases.ProductTestCase.close(ProductTestCase.java:25)
at com.testcases.ProductTestCase.close(ProductTestCase.java:25)
at com.testcases.ProductTestCase.close(ProductTestCase.java:25)
at com.testcases.ProductTestCase.close(ProductTestCase.java:25)
at com.testcases.ProductTestCase.close(ProductTestCase.java:25)
at com.testcases.ProductTestCase.close(ProductTestCase.java:25)
at com.testcases.ProductTestCase.close(ProductTestCase.java:25)
at com.testcases.ProductTestCase.close(ProductTestCase.java:25)
at com.testcases.ProductTestCase.close(ProductTestCase.java:25)
at com.testcases.ProductTestCase.close(ProductTestCase.java:25)
at com.testcases.ProductTestCase.close(ProductTestCase.java:25)
at com.testcases.ProductTestCase.close(ProductTestCase.java:25)
at com.testcases.ProductTestCase.close(ProductTestCase.java:25)
at com.testcases.ProductTestCase.close(ProductTestCase.java:25)
at com.testcases.ProductTestCase.close(ProductTestCase.java:25)
at com.testcases.ProductTestCase.close(ProductTestCase.java:25)
at com.testcases.ProductTestCase.close(ProductTestCase.java:25)
at com.testcases.ProductTestCase.close(ProductTestCase.java:25)
at com.testcases.ProductTestCase.close(ProductTestCase.java:25)
at com.testcases.ProductTestCase.close(ProductTestCase.java:25)
at com.testcases.ProductTestCase.close(ProductTestCase.java:25)
at com.testcases.ProductTestCase.close(ProductTestCase.java:25)
at com.testcases.ProductTestCase.close(ProductTestCase.java:25)
at com.testcases.ProductTestCase.close(ProductTestCase.java:25)
at com.testcases.ProductTestCase.close(ProductTestCase.java:25)
at com.testcases.ProductTestCase.close(ProductTestCase.java:25)
at com.testcases.ProductTestCase.close(ProductTestCase.java:25)
at com.testcases.ProductTestCase.close(ProductTestCase.java:25)
at com.testcases.ProductTestCase.close(ProductTestCase.java:25)
at com.testcases.ProductTestCase.close(ProductTestCase.java:25)
at com.testcases.ProductTestCase.close(ProductTestCase.java:25)
at com.testcases.ProductTestCase.close(ProductTestCase.java:25)
at com.testcases.ProductTestCase.close(ProductTestCase.java:25)
at com.testcases.ProductTestCase.close(ProductTestCase.java:25)
at com.testcases.ProductTestCase.close(ProductTestCase.java:25)
at com.testcases.ProductTestCase.close(ProductTestCase.java:25)
at com.testcases.ProductTestCase.close(ProductTestCase.java:25)
at com.testcases.ProductTestCase.close(ProductTestCase.java:25)
at com.testcases.ProductTestCase.close(ProductTestCase.java:25)
at com.testcases.ProductTestCase.close(ProductTestCase.java:25)
at com.testcases.ProductTestCase.close(ProductTestCase.java:25)
at com.testcases.ProductTestCase.close(ProductTestCase.java:25)
at com.testcases.ProductTestCase.close(ProductTestCase.java:25)
at com.testcases.ProductTestCase.close(ProductTestCase.java:25)
at com.testcases.ProductTestCase.close(ProductTestCase.java:25)
at com.testcases.ProductTestCase.close(ProductTestCase.java:25)
at com.testcases.ProductTestCase.close(ProductTestCase.java:25)
at com.testcases.ProductTestCase.close(ProductTestCase.java:25)
at com.testcases.ProductTestCase.close(ProductTestCase.java:25)
at com.testcases.ProductTestCase.close(ProductTestCase.java:25)
at com.testcases.ProductTestCase.close(ProductTestCase.java:25)
at com.testcases.ProductTestCase.close(ProductTestCase.java:25)
at com.testcases.ProductTestCase.close(ProductTestCase.java:25)
at com.testcases.ProductTestCase.close(ProductTestCase.java:25)
at com.testcases.ProductTestCase.close(ProductTestCase.java:25)
at com.testcases.ProductTestCase.close(ProductTestCase.java:25)
at com.testcases.ProductTestCase.close(ProductTestCase.java:25)
at com.testcases.ProductTestCase.close(ProductTestCase.java:25)
at com.testcases.ProductTestCase.close(ProductTestCase.java:25)
at com.testcases.ProductTestCase.close(ProductTestCase.java:25)
at com.testcases.ProductTestCase.close(ProductTestCase.java:25)
at com.testcases.ProductTestCase.close(ProductTestCase.java:25)
at com.testcases.ProductTestCase.close(ProductTestCase.java:25)
at com.testcases.ProductTestCase.close(ProductTestCase.java:25)
at com.testcases.ProductTestCase.close(ProductTestCase.java:25)
at com.testcases.ProductTestCase.close(ProductTestCase.java:25)
at com.testcases.ProductTestCase.close(ProductTestCase.java:25)
at com.testcases.ProductTestCase.close(ProductTestCase.java:25)
at com.testcases.ProductTestCase.close(ProductTestCase.java:25)
at com.testcases.ProductTestCase.close(ProductTestCase.java:25)
at com.testcases.ProductTestCase.close(ProductTestCase.java:25)
at com.testcases.ProductTestCase.close(ProductTestCase.java:25)
at com.testcases.ProductTestCase.close(ProductTestCase.java:25)
at com.testcases.ProductTestCase.close(ProductTestCase.java:25)
at com.testcases.ProductTestCase.close(ProductTestCase.java:25)
at com.testcases.ProductTestCase.close(ProductTestCase.java:25)
at com.testcases.ProductTestCase.close(ProductTestCase.java:25)
at com.testcases.ProductTestCase.close(ProductTestCase.java:25)
at com.testcases.ProductTestCase.close(ProductTestCase.java:25)
at com.testcases.ProductTestCase.close(ProductTestCase.java:25)
at com.testcases.ProductTestCase.close(ProductTestCase.java:25)
at com.testcases.ProductTestCase.close(ProductTestCase.java:25)
at com.testcases.ProductTestCase.close(ProductTestCase.java:25)
at com.testcases.ProductTestCase.close(ProductTestCase.java:25)
at com.testcases.ProductTestCase.close(ProductTestCase.java:25)
at com.testcases.ProductTestCase.close(ProductTestCase.java:25)
at com.testcases.ProductTestCase.close(ProductTestCase.java:25)
at com.testcases.ProductTestCase.close(ProductTestCase.java:25)
at com.testcases.ProductTestCase.close(ProductTestCase.java:25)
at com.testcases.ProductTestCase.close(ProductTestCase.java:25)
at com.testcases.ProductTestCase.close(ProductTestCase.java:25)
at com.testcases.ProductTestCase.close(ProductTestCase.java:25)
at com.testcases.ProductTestCase.close(ProductTestCase.java:25)
at com.testcases.ProductTestCase.close(ProductTestCase.java:25)
at com.testcases.ProductTestCase.close(ProductTestCase.java:25)
at com.testcases.ProductTestCase.close(ProductTestCase.java:25)
at com.testcases.ProductTestCase.close(ProductTestCase.java:25)
at com.testcases.ProductTestCase.close(ProductTestCase.java:25)
at com.testcases.ProductTestCase.close(ProductTestCase.java:25)
at com.testcases.ProductTestCase.close(ProductTestCase.java:25)
at com.testcases.ProductTestCase.close(ProductTestCase.java:25)
at com.testcases.ProductTestCase.close(ProductTestCase.java:25)
at com.testcases.ProductTestCase.close(ProductTestCase.java:25)
at com.testcases.ProductTestCase.close(ProductTestCase.java:25)
at com.testcases.ProductTestCase.close(ProductTestCase.java:25)
at com.testcases.ProductTestCase.close(ProductTestCase.java:25)
at com.testcases.ProductTestCase.close(ProductTestCase.java:25)
at com.testcases.ProductTestCase.close(ProductTestCase.java:25)
at com.testcases.ProductTestCase.close(ProductTestCase.java:25)
at com.testcases.ProductTestCase.close(ProductTestCase.java:25)
at com.testcases.ProductTestCase.close(ProductTestCase.java:25)
at com.testcases.ProductTestCase.close(ProductTestCase.java:25)
at com.testcases.ProductTestCase.close(ProductTestCase.java:25)
at com.testcases.ProductTestCase.close(ProductTestCase.java:25)
at com.testcases.ProductTestCase.close(ProductTestCase.java:25)
at com.testcases.ProductTestCase.close(ProductTestCase.java:25)
at com.testcases.ProductTestCase.close(ProductTestCase.java:25)
at com.testcases.ProductTestCase.close(ProductTestCase.java:25)
at com.testcases.ProductTestCase.close(ProductTestCase.java:25)
at com.testcases.ProductTestCase.close(ProductTestCase.java:25)
at com.testcases.ProductTestCase.close(ProductTestCase.java:25)
at com.testcases.ProductTestCase.close(ProductTestCase.java:25)
at com.testcases.ProductTestCase.close(ProductTestCase.java:25)
at com.testcases.ProductTestCase.close(ProductTestCase.java:25)
at com.testcases.ProductTestCase.close(ProductTestCase.java:25)
at com.testcases.ProductTestCase.close(ProductTestCase.java:25)
at com.testcases.ProductTestCase.close(ProductTestCase.java:25)
at com.testcases.ProductTestCase.close(ProductTestCase.java:25)
at com.testcases.ProductTestCase.close(ProductTestCase.java:25)
at com.testcases.ProductTestCase.close(ProductTestCase.java:25)
at com.testcases.ProductTestCase.close(ProductTestCase.java:25)
at com.testcases.ProductTestCase.close(ProductTestCase.java:25)
at com.testcases.ProductTestCase.close(ProductTestCase.java:25)
at com.testcases.ProductTestCase.close(ProductTestCase.java:25)
at com.testcases.ProductTestCase.close(ProductTestCase.java:25)
at com.testcases.ProductTestCase.close(ProductTestCase.java:25)
at com.testcases.ProductTestCase.close(ProductTestCase.java:25)
at com.testcases.ProductTestCase.close(ProductTestCase.java:25)
at com.testcases.ProductTestCase.close(ProductTestCase.java:25)
at com.testcases.ProductTestCase.close(ProductTestCase.java:25)
at com.testcases.ProductTestCase.close(ProductTestCase.java:25)
at com.testcases.ProductTestCase.close(ProductTestCase.java:25)
at com.testcases.ProductTestCase.close(ProductTestCase.java:25)
at com.testcases.ProductTestCase.close(ProductTestCase.java:25)
at com.testcases.ProductTestCase.close(ProductTestCase.java:25)
at com.testcases.ProductTestCase.close(ProductTestCase.java:25)
at com.testcases.ProductTestCase.close(ProductTestCase.java:25)
at com.testcases.ProductTestCase.close(ProductTestCase.java:25)
at com.testcases.ProductTestCase.close(ProductTestCase.java:25)
at com.testcases.ProductTestCase.close(ProductTestCase.java:25)
at com.testcases.ProductTestCase.close(ProductTestCase.java:25)
at com.testcases.ProductTestCase.close(ProductTestCase.java:25)
at com.testcases.ProductTestCase.close(ProductTestCase.java:25)
at com.testcases.ProductTestCase.close(ProductTestCase.java:25)
at com.testcases.ProductTestCase.close(ProductTestCase.java:25)
at com.testcases.ProductTestCase.close(ProductTestCase.java:25)
at com.testcases.ProductTestCase.close(ProductTestCase.java:25)
at com.testcases.ProductTestCase.close(ProductTestCase.java:25)
at com.testcases.ProductTestCase.close(ProductTestCase.java:25)
at com.testcases.ProductTestCase.close(ProductTestCase.java:25)
at com.testcases.ProductTestCase.close(ProductTestCase.java:25)
at com.testcases.ProductTestCase.close(ProductTestCase.java:25)
at com.testcases.ProductTestCase.close(ProductTestCase.java:25)
at com.testcases.ProductTestCase.close(ProductTestCase.java:25)
at com.testcases.ProductTestCase.close(ProductTestCase.java:25)
at com.testcases.ProductTestCase.close(ProductTestCase.java:25)
at com.testcases.ProductTestCase.close(ProductTestCase.java:25)
at com.testcases.ProductTestCase.close(ProductTestCase.java:25)
at com.testcases.ProductTestCase.close(ProductTestCase.java:25)
at com.testcases.ProductTestCase.close(ProductTestCase.java:25)
at com.testcases.ProductTestCase.close(ProductTestCase.java:25)
at com.testcases.ProductTestCase.close(ProductTestCase.java:25)
at com.testcases.ProductTestCase.close(ProductTestCase.java:25)
at com.testcases.ProductTestCase.close(ProductTestCase.java:25)
at com.testcases.ProductTestCase.close(ProductTestCase.java:25)
at com.testcases.ProductTestCase.close(ProductTestCase.java:25)
at com.testcases.ProductTestCase.close(ProductTestCase.java:25)
at com.testcases.ProductTestCase.close(ProductTestCase.java:25)
at com.testcases.ProductTestCase.close(ProductTestCase.java:25)
at com.testcases.ProductTestCase.close(ProductTestCase.java:25)
at com.testcases.ProductTestCase.close(ProductTestCase.java:25)
at com.testcases.ProductTestCase.close(ProductTestCase.java:25)
at com.testcases.ProductTestCase.close(ProductTestCase.java:25)
at com.testcases.ProductTestCase.close(ProductTestCase.java:25)
at com.testcases.ProductTestCase.close(ProductTestCase.java:25)
at com.testcases.ProductTestCase.close(ProductTestCase.java:25)
at com.testcases.ProductTestCase.close(ProductTestCase.java:25)
at com.testcases.ProductTestCase.close(ProductTestCase.java:25)
at com.testcases.ProductTestCase.close(ProductTestCase.java:25)
at com.testcases.ProductTestCase.close(ProductTestCase.java:25)
at com.testcases.ProductTestCase.close(ProductTestCase.java:25)
at com.testcases.ProductTestCase.close(ProductTestCase.java:25)
at com.testcases.ProductTestCase.close(ProductTestCase.java:25)
at com.testcases.ProductTestCase.close(ProductTestCase.java:25)
at com.testcases.ProductTestCase.close(ProductTestCase.java:25)
at com.testcases.ProductTestCase.close(ProductTestCase.java:25)
at com.testcases.ProductTestCase.close(ProductTestCase.java:25)
at com.testcases.ProductTestCase.close(ProductTestCase.java:25)
at com.testcases.ProductTestCase.close(ProductTestCase.java:25)
at com.testcases.ProductTestCase.close(ProductTestCase.java:25)
at com.testcases.ProductTestCase.close(ProductTestCase.java:25)
at com.testcases.ProductTestCase.close(ProductTestCase.java:25)
at com.testcases.ProductTestCase.close(ProductTestCase.java:25)
at com.testcases.ProductTestCase.close(ProductTestCase.java:25)
at com.testcases.ProductTestCase.close(ProductTestCase.java:25)
at com.testcases.ProductTestCase.close(ProductTestCase.java:25)
at com.testcases.ProductTestCase.close(ProductTestCase.java:25)
at com.testcases.ProductTestCase.close(ProductTestCase.java:25)
at com.testcases.ProductTestCase.close(ProductTestCase.java:25)
at com.testcases.ProductTestCase.close(ProductTestCase.java:25)
at com.testcases.ProductTestCase.close(ProductTestCase.java:25)
at com.testcases.ProductTestCase.close(ProductTestCase.java:25)
at com.testcases.ProductTestCase.close(ProductTestCase.java:25)
at com.testcases.ProductTestCase.close(ProductTestCase.java:25)
at com.testcases.ProductTestCase.close(ProductTestCase.java:25)
at com.testcases.ProductTestCase.close(ProductTestCase.java:25)
at com.testcases.ProductTestCase.close(ProductTestCase.java:25)
at com.testcases.ProductTestCase.close(ProductTestCase.java:25)
at com.testcases.ProductTestCase.close(ProductTestCase.java:25)
at com.testcases.ProductTestCase.close(ProductTestCase.java:25)
at com.testcases.ProductTestCase.close(ProductTestCase.java:25)
at com.testcases.ProductTestCase.close(ProductTestCase.java:25)
at com.testcases.ProductTestCase.close(ProductTestCase.java:25)
at com.testcases.ProductTestCase.close(ProductTestCase.java:25)
at com.testcases.ProductTestCase.close(ProductTestCase.java:25)
at com.testcases.ProductTestCase.close(ProductTestCase.java:25)
at com.testcases.ProductTestCase.close(ProductTestCase.java:25)
at com.testcases.ProductTestCase.close(ProductTestCase.java:25)
at com.testcases.ProductTestCase.close(ProductTestCase.java:25)
at com.testcases.ProductTestCase.close(ProductTestCase.java:25)
at com.testcases.ProductTestCase.close(ProductTestCase.java:25)
at com.testcases.ProductTestCase.close(ProductTestCase.java:25)
at com.testcases.ProductTestCase.close(ProductTestCase.java:25)
at com.testcases.ProductTestCase.close(ProductTestCase.java:25)
at com.testcases.ProductTestCase.close(ProductTestCase.java:25)
at com.testcases.ProductTestCase.close(ProductTestCase.java:25)
at com.testcases.ProductTestCase.close(ProductTestCase.java:25)
at com.testcases.ProductTestCase.close(ProductTestCase.java:25)
at com.testcases.ProductTestCase.close(ProductTestCase.java:25)
at com.testcases.ProductTestCase.close(ProductTestCase.java:25)
at com.testcases.ProductTestCase.close(ProductTestCase.java:25)
at com.testcases.ProductTestCase.close(ProductTestCase.java:25)
at com.testcases.ProductTestCase.close(ProductTestCase.java:25)
at com.testcases.ProductTestCase.close(ProductTestCase.java:25)
at com.testcases.ProductTestCase.close(ProductTestCase.java:25)
at com.testcases.ProductTestCase.close(ProductTestCase.java:25)
at com.testcases.ProductTestCase.close(ProductTestCase.java:25)
at com.testcases.ProductTestCase.close(ProductTestCase.java:25)
at com.testcases.ProductTestCase.close(ProductTestCase.java:25)
at com.testcases.ProductTestCase.close(ProductTestCase.java:25)
at com.testcases.ProductTestCase.close(ProductTestCase.java:25)
at com.testcases.ProductTestCase.close(ProductTestCase.java:25)
at com.testcases.ProductTestCase.close(ProductTestCase.java:25)
at com.testcases.ProductTestCase.close(ProductTestCase.java:25)
at com.testcases.ProductTestCase.close(ProductTestCase.java:25)
at com.testcases.ProductTestCase.close(ProductTestCase.java:25)
at com.testcases.ProductTestCase.close(ProductTestCase.java:25)
at com.testcases.ProductTestCase.close(ProductTestCase.java:25)
at com.testcases.ProductTestCase.close(ProductTestCase.java:25)
at com.testcases.ProductTestCase.close(ProductTestCase.java:25)
at com.testcases.ProductTestCase.close(ProductTestCase.java:25)
at com.testcases.ProductTestCase.close(ProductTestCase.java:25)
at com.testcases.ProductTestCase.close(ProductTestCase.java:25)
at com.testcases.ProductTestCase.close(ProductTestCase.java:25)
at com.testcases.ProductTestCase.close(ProductTestCase.java:25)
at com.testcases.ProductTestCase.close(ProductTestCase.java:25)
at com.testcases.ProductTestCase.close(ProductTestCase.java:25)
at com.testcases.ProductTestCase.close(ProductTestCase.java:25)
at com.testcases.ProductTestCase.close(ProductTestCase.java:25)
at com.testcases.ProductTestCase.close(ProductTestCase.java:25)
at com.testcases.ProductTestCase.close(ProductTestCase.java:25)
at com.testcases.ProductTestCase.close(ProductTestCase.java:25)
at com.testcases.ProductTestCase.close(ProductTestCase.java:25)
at com.testcases.ProductTestCase.close(ProductTestCase.java:25)
at com.testcases.ProductTestCase.close(ProductTestCase.java:25)
at com.testcases.ProductTestCase.close(ProductTestCase.java:25)
at com.testcases.ProductTestCase.close(ProductTestCase.java:25)
at com.testcases.ProductTestCase.close(ProductTestCase.java:25)
at com.testcases.ProductTestCase.close(ProductTestCase.java:25)
at com.testcases.ProductTestCase.close(ProductTestCase.java:25)
at com.testcases.ProductTestCase.close(ProductTestCase.java:25)
at com.testcases.ProductTestCase.close(ProductTestCase.java:25)
at com.testcases.ProductTestCase.close(ProductTestCase.java:25)
at com.testcases.ProductTestCase.close(ProductTestCase.java:25)
at com.testcases.ProductTestCase.close(ProductTestCase.java:25)
at com.testcases.ProductTestCase.close(ProductTestCase.java:25)
at com.testcases.ProductTestCase.close(ProductTestCase.java:25)
at com.testcases.ProductTestCase.close(ProductTestCase.java:25)
at com.testcases.ProductTestCase.close(ProductTestCase.java:25)
at com.testcases.ProductTestCase.close(ProductTestCase.java:25)
at com.testcases.ProductTestCase.close(ProductTestCase.java:25)
at com.testcases.ProductTestCase.close(ProductTestCase.java:25)
at com.testcases.ProductTestCase.close(ProductTestCase.java:25)
at com.testcases.ProductTestCase.close(ProductTestCase.java:25)
at com.testcases.ProductTestCase.close(ProductTestCase.java:25)
at com.testcases.ProductTestCase.close(ProductTestCase.java:25)
at com.testcases.ProductTestCase.close(ProductTestCase.java:25)
at com.testcases.ProductTestCase.close(ProductTestCase.java:25)
at com.testcases.ProductTestCase.close(ProductTestCase.java:25)
at com.testcases.ProductTestCase.close(ProductTestCase.java:25)
at com.testcases.ProductTestCase.close(ProductTestCase.java:25)
at com.testcases.ProductTestCase.close(ProductTestCase.java:25)
at com.testcases.ProductTestCase.close(ProductTestCase.java:25)
at com.testcases.ProductTestCase.close(ProductTestCase.java:25)
at com.testcases.ProductTestCase.close(ProductTestCase.java:25)
at com.testcases.ProductTestCase.close(ProductTestCase.java:25)
at com.testcases.ProductTestCase.close(ProductTestCase.java:25)
at com.testcases.ProductTestCase.close(ProductTestCase.java:25)
at com.testcases.ProductTestCase.close(ProductTestCase.java:25)
at com.testcases.ProductTestCase.close(ProductTestCase.java:25)
at com.testcases.ProductTestCase.close(ProductTestCase.java:25)
at com.testcases.ProductTestCase.close(ProductTestCase.java:25)
at com.testcases.ProductTestCase.close(ProductTestCase.java:25)
at com.testcases.ProductTestCase.close(ProductTestCase.java:25)
at com.testcases.ProductTestCase.close(ProductTestCase.java:25)
at com.testcases.ProductTestCase.close(ProductTestCase.java:25)
at com.testcases.ProductTestCase.close(ProductTestCase.java:25)
at com.testcases.ProductTestCase.close(ProductTestCase.java:25)
at com.testcases.ProductTestCase.close(ProductTestCase.java:25)
at com.testcases.ProductTestCase.close(ProductTestCase.java:25)
at com.testcases.ProductTestCase.close(ProductTestCase.java:25)
at com.testcases.ProductTestCase.close(ProductTestCase.java:25)
at com.testcases.ProductTestCase.close(ProductTestCase.java:25)
at com.testcases.ProductTestCase.close(ProductTestCase.java:25)
at com.testcases.ProductTestCase.close(ProductTestCase.java:25)
at com.testcases.ProductTestCase.close(ProductTestCase.java:25)
at com.testcases.ProductTestCase.close(ProductTestCase.java:25)
at com.testcases.ProductTestCase.close(ProductTestCase.java:25)
at com.testcases.ProductTestCase.close(ProductTestCase.java:25)
at com.testcases.ProductTestCase.close(ProductTestCase.java:25)
at com.testcases.ProductTestCase.close(ProductTestCase.java:25)
at com.testcases.ProductTestCase.close(ProductTestCase.java:25)
at com.testcases.ProductTestCase.close(ProductTestCase.java:25)
at com.testcases.ProductTestCase.close(ProductTestCase.java:25)
at com.testcases.ProductTestCase.close(ProductTestCase.java:25)
at com.testcases.ProductTestCase.close(ProductTestCase.java:25)
at com.testcases.ProductTestCase.close(ProductTestCase.java:25)
at com.testcases.ProductTestCase.close(ProductTestCase.java:25)
at com.testcases.ProductTestCase.close(ProductTestCase.java:25)
at com.testcases.ProductTestCase.close(ProductTestCase.java:25)
at com.testcases.ProductTestCase.close(ProductTestCase.java:25)
at com.testcases.ProductTestCase.close(ProductTestCase.java:25)
at com.testcases.ProductTestCase.close(ProductTestCase.java:25)
at com.testcases.ProductTestCase.close(ProductTestCase.java:25)
at com.testcases.ProductTestCase.close(ProductTestCase.java:25)
at com.testcases.ProductTestCase.close(ProductTestCase.java:25)
at com.testcases.ProductTestCase.close(ProductTestCase.java:25)
at com.testcases.ProductTestCase.close(ProductTestCase.java:25)
at com.testcases.ProductTestCase.close(ProductTestCase.java:25)
at com.testcases.ProductTestCase.close(ProductTestCase.java:25)
at com.testcases.ProductTestCase.close(ProductTestCase.java:25)
at com.testcases.ProductTestCase.close(ProductTestCase.java:25)
at com.testcases.ProductTestCase.close(ProductTestCase.java:25)
at com.testcases.ProductTestCase.close(ProductTestCase.java:25)
at com.testcases.ProductTestCase.close(ProductTestCase.java:25)
at com.testcases.ProductTestCase.close(ProductTestCase.java:25)
at com.testcases.ProductTestCase.close(ProductTestCase.java:25)
at com.testcases.ProductTestCase.close(ProductTestCase.java:25)
at com.testcases.ProductTestCase.close(ProductTestCase.java:25)
at com.testcases.ProductTestCase.close(ProductTestCase.java:25)
at com.testcases.ProductTestCase.close(ProductTestCase.java:25)
at com.testcases.ProductTestCase.close(ProductTestCase.java:25)
at com.testcases.ProductTestCase.close(ProductTestCase.java:25)
at com.testcases.ProductTestCase.close(ProductTestCase.java:25)
at com.testcases.ProductTestCase.close(ProductTestCase.java:25)
at com.testcases.ProductTestCase.close(ProductTestCase.java:25)
at com.testcases.ProductTestCase.close(ProductTestCase.java:25)
at com.testcases.ProductTestCase.close(ProductTestCase.java:25)
at com.testcases.ProductTestCase.close(ProductTestCase.java:25)
at com.testcases.ProductTestCase.close(ProductTestCase.java:25)
at com.testcases.ProductTestCase.close(ProductTestCase.java:25)
at com.testcases.ProductTestCase.close(ProductTestCase.java:25)
at com.testcases.ProductTestCase.close(ProductTestCase.java:25)
at com.testcases.ProductTestCase.close(ProductTestCase.java:25)
at com.testcases.ProductTestCase.close(ProductTestCase.java:25)
at com.testcases.ProductTestCase.close(ProductTestCase.java:25)
at com.testcases.ProductTestCase.close(ProductTestCase.java:25)
at com.testcases.ProductTestCase.close(ProductTestCase.java:25)
at com.testcases.ProductTestCase.close(ProductTestCase.java:25)
at com.testcases.ProductTestCase.close(ProductTestCase.java:25)
at com.testcases.ProductTestCase.close(ProductTestCase.java:25)
at com.testcases.ProductTestCase.close(ProductTestCase.java:25)
at com.testcases.ProductTestCase.close(ProductTestCase.java:25)
]]>
    </failure>
  </testcase> <!-- @AfterClass close -->
  <testcase name="product" time="0.124" classname="com.testcases.ProductTestCase">
    <failure type="org.openqa.selenium.NoSuchWindowException" message="no such window: target window already closed
from unknown error: web view not found
  (Session info: chrome=80.0.3987.132)
Build info: version: &amp;apos;3.141.59&amp;apos;, revision: &amp;apos;e82be7d358&amp;apos;, time: &amp;apos;2018-11-14T08:17:03&amp;apos;
System info: host: &amp;apos;BLT079&amp;apos;, ip: &amp;apos;192.168.0.79&amp;apos;, os.name: &amp;apos;Windows 7&amp;apos;, os.arch: &amp;apos;amd64&amp;apos;, os.version: &amp;apos;6.1&amp;apos;, java.version: &amp;apos;1.8.0_221&amp;apos;
Driver info: org.openqa.selenium.chrome.ChromeDriver
Capabilities {acceptInsecureCerts: false, browserName: chrome, browserVersion: 80.0.3987.132, chrome: {chromedriverVersion: 79.0.3945.36 (3582db32b3389..., userDataDir: C:\Users\BLTUSE~1.BLT\AppDa...}, goog:chromeOptions: {debuggerAddress: localhost:50575}, javascriptEnabled: true, networkConnectionEnabled: false, pageLoadStrategy: normal, platform: WINDOWS, platformName: WINDOWS, proxy: Proxy(), setWindowRect: true, strictFileInteractability: false, timeouts: {implicit: 0, pageLoad: 300000, script: 30000}, unhandledPromptBehavior: dismiss and notify}
Session ID: 371477614041f71560dc50cbf4fe337e
*** Element info: {Using=xpath, value=//*[@id=&amp;quot;search&amp;quot;]/div[1]/div[2]/div/span[4]/div[1]/div[1]/div/span/div/div/div/div/div[2]/div[1]/div}">
      <![CDATA[org.openqa.selenium.NoSuchWindowException: no such window: target window already closed
from unknown error: web view not found
  (Session info: chrome=80.0.3987.132)
Build info: version: '3.141.59', revision: 'e82be7d358', time: '2018-11-14T08:17:03'
System info: host: 'BLT079', ip: '192.168.0.79', os.name: 'Windows 7', os.arch: 'amd64', os.version: '6.1', java.version: '1.8.0_221'
Driver info: org.openqa.selenium.chrome.ChromeDriver
Capabilities {acceptInsecureCerts: false, browserName: chrome, browserVersion: 80.0.3987.132, chrome: {chromedriverVersion: 79.0.3945.36 (3582db32b3389..., userDataDir: C:\Users\BLTUSE~1.BLT\AppDa...}, goog:chromeOptions: {debuggerAddress: localhost:50575}, javascriptEnabled: true, networkConnectionEnabled: false, pageLoadStrategy: normal, platform: WINDOWS, platformName: WINDOWS, proxy: Proxy(), setWindowRect: true, strictFileInteractability: false, timeouts: {implicit: 0, pageLoad: 300000, script: 30000}, unhandledPromptBehavior: dismiss and notify}
Session ID: 371477614041f71560dc50cbf4fe337e
*** Element info: {Using=xpath, value=//*[@id="search"]/div[1]/div[2]/div/span[4]/div[1]/div[1]/div/span/div/div/div/div/div[2]/div[1]/div}
at org.openqa.selenium.remote.http.W3CHttpResponseCodec.createException(W3CHttpResponseCodec.java:187)
at org.openqa.selenium.remote.http.W3CHttpResponseCodec.decode(W3CHttpResponseCodec.java:122)
at org.openqa.selenium.remote.http.W3CHttpResponseCodec.decode(W3CHttpResponseCodec.java:49)
at org.openqa.selenium.remote.HttpCommandExecutor.execute(HttpCommandExecutor.java:158)
at org.openqa.selenium.remote.service.DriverCommandExecutor.execute(DriverCommandExecutor.java:83)
at org.openqa.selenium.remote.RemoteWebDriver.execute(RemoteWebDriver.java:552)
at org.openqa.selenium.remote.RemoteWebDriver.findElement(RemoteWebDriver.java:323)
at org.openqa.selenium.remote.RemoteWebDriver.findElementByXPath(RemoteWebDriver.java:428)
at org.openqa.selenium.By$ByXPath.findElement(By.java:353)
at org.openqa.selenium.remote.RemoteWebDriver.findElement(RemoteWebDriver.java:315)
at com.pages.Productdetails.details_product(Productdetails.java:18)
at com.testcases.ProductTestCase.product(ProductTestCase.java:20)
at java.util.concurrent.ThreadPoolExecutor.runWorker(Unknown Source)
at java.util.concurrent.ThreadPoolExecutor$Worker.run(Unknown Source)
at java.lang.Thread.run(Unknown Source)
... Removed 14 stack frames]]>
    </failure>
  </testcase> <!-- product -->
  <testcase name="search" time="0.031" classname="com.testcases.SearchTestCase">
    <failure type="org.openqa.selenium.NoSuchWindowException" message="no such window: target window already closed
from unknown error: web view not found
  (Session info: chrome=80.0.3987.132)
Build info: version: &amp;apos;3.141.59&amp;apos;, revision: &amp;apos;e82be7d358&amp;apos;, time: &amp;apos;2018-11-14T08:17:03&amp;apos;
System info: host: &amp;apos;BLT079&amp;apos;, ip: &amp;apos;192.168.0.79&amp;apos;, os.name: &amp;apos;Windows 7&amp;apos;, os.arch: &amp;apos;amd64&amp;apos;, os.version: &amp;apos;6.1&amp;apos;, java.version: &amp;apos;1.8.0_221&amp;apos;
Driver info: org.openqa.selenium.chrome.ChromeDriver
Capabilities {acceptInsecureCerts: false, browserName: chrome, browserVersion: 80.0.3987.132, chrome: {chromedriverVersion: 79.0.3945.36 (3582db32b3389..., userDataDir: C:\Users\BLTUSE~1.BLT\AppDa...}, goog:chromeOptions: {debuggerAddress: localhost:50571}, javascriptEnabled: true, networkConnectionEnabled: false, pageLoadStrategy: normal, platform: WINDOWS, platformName: WINDOWS, proxy: Proxy(), setWindowRect: true, strictFileInteractability: false, timeouts: {implicit: 0, pageLoad: 300000, script: 30000}, unhandledPromptBehavior: dismiss and notify}
Session ID: 2614521bde2e1ba928070b9207f2c9ab
*** Element info: {Using=id, value=twotabsearchtextbox}">
      <![CDATA[org.openqa.selenium.NoSuchWindowException: no such window: target window already closed
from unknown error: web view not found
  (Session info: chrome=80.0.3987.132)
Build info: version: '3.141.59', revision: 'e82be7d358', time: '2018-11-14T08:17:03'
System info: host: 'BLT079', ip: '192.168.0.79', os.name: 'Windows 7', os.arch: 'amd64', os.version: '6.1', java.version: '1.8.0_221'
Driver info: org.openqa.selenium.chrome.ChromeDriver
Capabilities {acceptInsecureCerts: false, browserName: chrome, browserVersion: 80.0.3987.132, chrome: {chromedriverVersion: 79.0.3945.36 (3582db32b3389..., userDataDir: C:\Users\BLTUSE~1.BLT\AppDa...}, goog:chromeOptions: {debuggerAddress: localhost:50571}, javascriptEnabled: true, networkConnectionEnabled: false, pageLoadStrategy: normal, platform: WINDOWS, platformName: WINDOWS, proxy: Proxy(), setWindowRect: true, strictFileInteractability: false, timeouts: {implicit: 0, pageLoad: 300000, script: 30000}, unhandledPromptBehavior: dismiss and notify}
Session ID: 2614521bde2e1ba928070b9207f2c9ab
*** Element info: {Using=id, value=twotabsearchtextbox}
at org.openqa.selenium.remote.http.W3CHttpResponseCodec.createException(W3CHttpResponseCodec.java:187)
at org.openqa.selenium.remote.http.W3CHttpResponseCodec.decode(W3CHttpResponseCodec.java:122)
at org.openqa.selenium.remote.http.W3CHttpResponseCodec.decode(W3CHttpResponseCodec.java:49)
at org.openqa.selenium.remote.HttpCommandExecutor.execute(HttpCommandExecutor.java:158)
at org.openqa.selenium.remote.service.DriverCommandExecutor.execute(DriverCommandExecutor.java:83)
at org.openqa.selenium.remote.RemoteWebDriver.execute(RemoteWebDriver.java:552)
at org.openqa.selenium.remote.RemoteWebDriver.findElement(RemoteWebDriver.java:323)
at org.openqa.selenium.remote.RemoteWebDriver.findElementById(RemoteWebDriver.java:372)
at org.openqa.selenium.By$ById.findElement(By.java:188)
at org.openqa.selenium.remote.RemoteWebDriver.findElement(RemoteWebDriver.java:315)
at com.pages.SearchandSelect.Search_searchbar(SearchandSelect.java:19)
at com.testcases.SearchTestCase.search(SearchTestCase.java:19)
at java.util.concurrent.ThreadPoolExecutor.runWorker(Unknown Source)
at java.util.concurrent.ThreadPoolExecutor$Worker.run(Unknown Source)
at java.lang.Thread.run(Unknown Source)
... Removed 14 stack frames]]>
    </failure>
  </testcase> <!-- search -->
  <testcase name="login" time="6.475" classname="com.testcases.LoginTestCase">
    <failure type="org.openqa.selenium.WebDriverException" message="chrome not reachable
  (Session info: chrome=80.0.3987.132)
Build info: version: &amp;apos;3.141.59&amp;apos;, revision: &amp;apos;e82be7d358&amp;apos;, time: &amp;apos;2018-11-14T08:17:03&amp;apos;
System info: host: &amp;apos;BLT079&amp;apos;, ip: &amp;apos;192.168.0.79&amp;apos;, os.name: &amp;apos;Windows 7&amp;apos;, os.arch: &amp;apos;amd64&amp;apos;, os.version: &amp;apos;6.1&amp;apos;, java.version: &amp;apos;1.8.0_221&amp;apos;
Driver info: org.openqa.selenium.chrome.ChromeDriver
Capabilities {acceptInsecureCerts: false, browserName: chrome, browserVersion: 80.0.3987.132, chrome: {chromedriverVersion: 79.0.3945.36 (3582db32b3389..., userDataDir: C:\Users\BLTUSE~1.BLT\AppDa...}, goog:chromeOptions: {debuggerAddress: localhost:50574}, javascriptEnabled: true, networkConnectionEnabled: false, pageLoadStrategy: normal, platform: WINDOWS, platformName: WINDOWS, proxy: Proxy(), setWindowRect: true, strictFileInteractability: false, timeouts: {implicit: 0, pageLoad: 300000, script: 30000}, unhandledPromptBehavior: dismiss and notify}
Session ID: e3b114d320f0f5b2d419537802ce6b27
*** Element info: {Using=xpath, value=//*[@id=&amp;quot;nav-link-accountList&amp;quot;]/span[2]}">
      <![CDATA[org.openqa.selenium.WebDriverException: chrome not reachable
  (Session info: chrome=80.0.3987.132)
Build info: version: '3.141.59', revision: 'e82be7d358', time: '2018-11-14T08:17:03'
System info: host: 'BLT079', ip: '192.168.0.79', os.name: 'Windows 7', os.arch: 'amd64', os.version: '6.1', java.version: '1.8.0_221'
Driver info: org.openqa.selenium.chrome.ChromeDriver
Capabilities {acceptInsecureCerts: false, browserName: chrome, browserVersion: 80.0.3987.132, chrome: {chromedriverVersion: 79.0.3945.36 (3582db32b3389..., userDataDir: C:\Users\BLTUSE~1.BLT\AppDa...}, goog:chromeOptions: {debuggerAddress: localhost:50574}, javascriptEnabled: true, networkConnectionEnabled: false, pageLoadStrategy: normal, platform: WINDOWS, platformName: WINDOWS, proxy: Proxy(), setWindowRect: true, strictFileInteractability: false, timeouts: {implicit: 0, pageLoad: 300000, script: 30000}, unhandledPromptBehavior: dismiss and notify}
Session ID: e3b114d320f0f5b2d419537802ce6b27
*** Element info: {Using=xpath, value=//*[@id="nav-link-accountList"]/span[2]}
at org.openqa.selenium.remote.http.W3CHttpResponseCodec.createException(W3CHttpResponseCodec.java:187)
at org.openqa.selenium.remote.http.W3CHttpResponseCodec.decode(W3CHttpResponseCodec.java:122)
at org.openqa.selenium.remote.http.W3CHttpResponseCodec.decode(W3CHttpResponseCodec.java:49)
at org.openqa.selenium.remote.HttpCommandExecutor.execute(HttpCommandExecutor.java:158)
at org.openqa.selenium.remote.service.DriverCommandExecutor.execute(DriverCommandExecutor.java:83)
at org.openqa.selenium.remote.RemoteWebDriver.execute(RemoteWebDriver.java:552)
at org.openqa.selenium.remote.RemoteWebDriver.findElement(RemoteWebDriver.java:323)
at org.openqa.selenium.remote.RemoteWebDriver.findElementByXPath(RemoteWebDriver.java:428)
at org.openqa.selenium.By$ByXPath.findElement(By.java:353)
at org.openqa.selenium.remote.RemoteWebDriver.findElement(RemoteWebDriver.java:315)
at com.pages.LoginPage.LoginClass_Hellosignin(LoginPage.java:21)
at com.testcases.LoginTestCase.login(LoginTestCase.java:23)
at java.util.concurrent.ThreadPoolExecutor.runWorker(Unknown Source)
at java.util.concurrent.ThreadPoolExecutor$Worker.run(Unknown Source)
at java.lang.Thread.run(Unknown Source)
... Removed 14 stack frames]]>
    </failure>
  </testcase> <!-- login -->
</testsuite> <!-- Test -->
