<?xml version="1.0" encoding="UTF-8"?>
<testng-results skipped="0" failed="3" ignored="0" total="3" passed="0">
  <reporter-output>
  </reporter-output>
  <suite name="Suite" duration-ms="22517" started-at="2020-03-06T04:46:34Z" finished-at="2020-03-06T04:46:56Z">
    <groups>
    </groups>
    <test name="Test" duration-ms="22517" started-at="2020-03-06T04:46:34Z" finished-at="2020-03-06T04:46:56Z">
      <class name="com.testcases.LoginTestCase">
        <test-method status="PASS" signature="startUp()[pri:0, instance:com.testcases.LoginTestCase@ed9d034]" name="startUp" is-config="true" duration-ms="15906" started-at="2020-03-06T04:46:34Z" finished-at="2020-03-06T04:46:50Z">
          <reporter-output>
          </reporter-output>
        </test-method> <!-- startUp -->
        <test-method status="FAIL" signature="login()[pri:0, instance:com.testcases.LoginTestCase@ed9d034]" name="login" duration-ms="6475" started-at="2020-03-06T04:46:50Z" finished-at="2020-03-06T04:46:56Z">
          <exception class="org.openqa.selenium.WebDriverException">
            <message>
              <![CDATA[chrome not reachable
  (Session info: chrome=80.0.3987.132)
Build info: version: '3.141.59', revision: 'e82be7d358', time: '2018-11-14T08:17:03'
System info: host: 'BLT079', ip: '192.168.0.79', os.name: 'Windows 7', os.arch: 'amd64', os.version: '6.1', java.version: '1.8.0_221'
Driver info: org.openqa.selenium.chrome.ChromeDriver
Capabilities {acceptInsecureCerts: false, browserName: chrome, browserVersion: 80.0.3987.132, chrome: {chromedriverVersion: 79.0.3945.36 (3582db32b3389..., userDataDir: C:\Users\BLTUSE~1.BLT\AppDa...}, goog:chromeOptions: {debuggerAddress: localhost:50574}, javascriptEnabled: true, networkConnectionEnabled: false, pageLoadStrategy: normal, platform: WINDOWS, platformName: WINDOWS, proxy: Proxy(), setWindowRect: true, strictFileInteractability: false, timeouts: {implicit: 0, pageLoad: 300000, script: 30000}, unhandledPromptBehavior: dismiss and notify}
Session ID: e3b114d320f0f5b2d419537802ce6b27
*** Element info: {Using=xpath, value=//*[@id="nav-link-accountList"]/span[2]}]]>
            </message>
            <full-stacktrace>
              <![CDATA[org.openqa.selenium.WebDriverException: chrome not reachable
  (Session info: chrome=80.0.3987.132)
Build info: version: '3.141.59', revision: 'e82be7d358', time: '2018-11-14T08:17:03'
System info: host: 'BLT079', ip: '192.168.0.79', os.name: 'Windows 7', os.arch: 'amd64', os.version: '6.1', java.version: '1.8.0_221'
Driver info: org.openqa.selenium.chrome.ChromeDriver
Capabilities {acceptInsecureCerts: false, browserName: chrome, browserVersion: 80.0.3987.132, chrome: {chromedriverVersion: 79.0.3945.36 (3582db32b3389..., userDataDir: C:\Users\BLTUSE~1.BLT\AppDa...}, goog:chromeOptions: {debuggerAddress: localhost:50574}, javascriptEnabled: true, networkConnectionEnabled: false, pageLoadStrategy: normal, platform: WINDOWS, platformName: WINDOWS, proxy: Proxy(), setWindowRect: true, strictFileInteractability: false, timeouts: {implicit: 0, pageLoad: 300000, script: 30000}, unhandledPromptBehavior: dismiss and notify}
Session ID: e3b114d320f0f5b2d419537802ce6b27
*** Element info: {Using=xpath, value=//*[@id="nav-link-accountList"]/span[2]}
at sun.reflect.NativeConstructorAccessorImpl.newInstance0(Native Method)
at sun.reflect.NativeConstructorAccessorImpl.newInstance(Unknown Source)
at sun.reflect.DelegatingConstructorAccessorImpl.newInstance(Unknown Source)
at java.lang.reflect.Constructor.newInstance(Unknown Source)
at org.openqa.selenium.remote.http.W3CHttpResponseCodec.createException(W3CHttpResponseCodec.java:187)
at org.openqa.selenium.remote.http.W3CHttpResponseCodec.decode(W3CHttpResponseCodec.java:122)
at org.openqa.selenium.remote.http.W3CHttpResponseCodec.decode(W3CHttpResponseCodec.java:49)
at org.openqa.selenium.remote.HttpCommandExecutor.execute(HttpCommandExecutor.java:158)
at org.openqa.selenium.remote.service.DriverCommandExecutor.execute(DriverCommandExecutor.java:83)
at org.openqa.selenium.remote.RemoteWebDriver.execute(RemoteWebDriver.java:552)
at org.openqa.selenium.remote.RemoteWebDriver.findElement(RemoteWebDriver.java:323)
at org.openqa.selenium.remote.RemoteWebDriver.findElementByXPath(RemoteWebDriver.java:428)
at org.openqa.selenium.By$ByXPath.findElement(By.java:353)
at org.openqa.selenium.remote.RemoteWebDriver.findElement(RemoteWebDriver.java:315)
at com.pages.LoginPage.LoginClass_Hellosignin(LoginPage.java:21)
at com.testcases.LoginTestCase.login(LoginTestCase.java:23)
at sun.reflect.NativeMethodAccessorImpl.invoke0(Native Method)
at sun.reflect.NativeMethodAccessorImpl.invoke(Unknown Source)
at sun.reflect.DelegatingMethodAccessorImpl.invoke(Unknown Source)
at java.lang.reflect.Method.invoke(Unknown Source)
at org.testng.internal.MethodInvocationHelper.invokeMethod(MethodInvocationHelper.java:124)
at org.testng.internal.Invoker.invokeMethod(Invoker.java:583)
at org.testng.internal.Invoker.invokeTestMethod(Invoker.java:719)
at org.testng.internal.Invoker.invokeTestMethods(Invoker.java:989)
at org.testng.internal.TestMethodWorker.invokeTestMethods(TestMethodWorker.java:125)
at org.testng.internal.TestMethodWorker.run(TestMethodWorker.java:109)
at java.util.concurrent.ThreadPoolExecutor.runWorker(Unknown Source)
at java.util.concurrent.ThreadPoolExecutor$Worker.run(Unknown Source)
at java.lang.Thread.run(Unknown Source)
]]>
            </full-stacktrace>
          </exception> <!-- org.openqa.selenium.WebDriverException -->
          <reporter-output>
          </reporter-output>
        </test-method> <!-- login -->
      </class> <!-- com.testcases.LoginTestCase -->
      <class name="com.testcases.ProductTestCase">
        <test-method status="PASS" signature="startUp()[pri:0, instance:com.testcases.ProductTestCase@6121c9d6]" name="startUp" is-config="true" duration-ms="16493" started-at="2020-03-06T04:46:34Z" finished-at="2020-03-06T04:46:50Z">
          <reporter-output>
          </reporter-output>
        </test-method> <!-- startUp -->
        <test-method status="FAIL" signature="product()[pri:0, instance:com.testcases.ProductTestCase@6121c9d6]" name="product" duration-ms="124" started-at="2020-03-06T04:46:50Z" finished-at="2020-03-06T04:46:50Z">
          <exception class="org.openqa.selenium.NoSuchWindowException">
            <message>
              <![CDATA[no such window: target window already closed
from unknown error: web view not found
  (Session info: chrome=80.0.3987.132)
Build info: version: '3.141.59', revision: 'e82be7d358', time: '2018-11-14T08:17:03'
System info: host: 'BLT079', ip: '192.168.0.79', os.name: 'Windows 7', os.arch: 'amd64', os.version: '6.1', java.version: '1.8.0_221'
Driver info: org.openqa.selenium.chrome.ChromeDriver
Capabilities {acceptInsecureCerts: false, browserName: chrome, browserVersion: 80.0.3987.132, chrome: {chromedriverVersion: 79.0.3945.36 (3582db32b3389..., userDataDir: C:\Users\BLTUSE~1.BLT\AppDa...}, goog:chromeOptions: {debuggerAddress: localhost:50575}, javascriptEnabled: true, networkConnectionEnabled: false, pageLoadStrategy: normal, platform: WINDOWS, platformName: WINDOWS, proxy: Proxy(), setWindowRect: true, strictFileInteractability: false, timeouts: {implicit: 0, pageLoad: 300000, script: 30000}, unhandledPromptBehavior: dismiss and notify}
Session ID: 371477614041f71560dc50cbf4fe337e
*** Element info: {Using=xpath, value=//*[@id="search"]/div[1]/div[2]/div/span[4]/div[1]/div[1]/div/span/div/div/div/div/div[2]/div[1]/div}]]>
            </message>
            <full-stacktrace>
              <![CDATA[org.openqa.selenium.NoSuchWindowException: no such window: target window already closed
from unknown error: web view not found
  (Session info: chrome=80.0.3987.132)
Build info: version: '3.141.59', revision: 'e82be7d358', time: '2018-11-14T08:17:03'
System info: host: 'BLT079', ip: '192.168.0.79', os.name: 'Windows 7', os.arch: 'amd64', os.version: '6.1', java.version: '1.8.0_221'
Driver info: org.openqa.selenium.chrome.ChromeDriver
Capabilities {acceptInsecureCerts: false, browserName: chrome, browserVersion: 80.0.3987.132, chrome: {chromedriverVersion: 79.0.3945.36 (3582db32b3389..., userDataDir: C:\Users\BLTUSE~1.BLT\AppDa...}, goog:chromeOptions: {debuggerAddress: localhost:50575}, javascriptEnabled: true, networkConnectionEnabled: false, pageLoadStrategy: normal, platform: WINDOWS, platformName: WINDOWS, proxy: Proxy(), setWindowRect: true, strictFileInteractability: false, timeouts: {implicit: 0, pageLoad: 300000, script: 30000}, unhandledPromptBehavior: dismiss and notify}
Session ID: 371477614041f71560dc50cbf4fe337e
*** Element info: {Using=xpath, value=//*[@id="search"]/div[1]/div[2]/div/span[4]/div[1]/div[1]/div/span/div/div/div/div/div[2]/div[1]/div}
at sun.reflect.NativeConstructorAccessorImpl.newInstance0(Native Method)
at sun.reflect.NativeConstructorAccessorImpl.newInstance(Unknown Source)
at sun.reflect.DelegatingConstructorAccessorImpl.newInstance(Unknown Source)
at java.lang.reflect.Constructor.newInstance(Unknown Source)
at org.openqa.selenium.remote.http.W3CHttpResponseCodec.createException(W3CHttpResponseCodec.java:187)
at org.openqa.selenium.remote.http.W3CHttpResponseCodec.decode(W3CHttpResponseCodec.java:122)
at org.openqa.selenium.remote.http.W3CHttpResponseCodec.decode(W3CHttpResponseCodec.java:49)
at org.openqa.selenium.remote.HttpCommandExecutor.execute(HttpCommandExecutor.java:158)
at org.openqa.selenium.remote.service.DriverCommandExecutor.execute(DriverCommandExecutor.java:83)
at org.openqa.selenium.remote.RemoteWebDriver.execute(RemoteWebDriver.java:552)
at org.openqa.selenium.remote.RemoteWebDriver.findElement(RemoteWebDriver.java:323)
at org.openqa.selenium.remote.RemoteWebDriver.findElementByXPath(RemoteWebDriver.java:428)
at org.openqa.selenium.By$ByXPath.findElement(By.java:353)
at org.openqa.selenium.remote.RemoteWebDriver.findElement(RemoteWebDriver.java:315)
at com.pages.Productdetails.details_product(Productdetails.java:18)
at com.testcases.ProductTestCase.product(ProductTestCase.java:20)
at sun.reflect.NativeMethodAccessorImpl.invoke0(Native Method)
at sun.reflect.NativeMethodAccessorImpl.invoke(Unknown Source)
at sun.reflect.DelegatingMethodAccessorImpl.invoke(Unknown Source)
at java.lang.reflect.Method.invoke(Unknown Source)
at org.testng.internal.MethodInvocationHelper.invokeMethod(MethodInvocationHelper.java:124)
at org.testng.internal.Invoker.invokeMethod(Invoker.java:583)
at org.testng.internal.Invoker.invokeTestMethod(Invoker.java:719)
at org.testng.internal.Invoker.invokeTestMethods(Invoker.java:989)
at org.testng.internal.TestMethodWorker.invokeTestMethods(TestMethodWorker.java:125)
at org.testng.internal.TestMethodWorker.run(TestMethodWorker.java:109)
at java.util.concurrent.ThreadPoolExecutor.runWorker(Unknown Source)
at java.util.concurrent.ThreadPoolExecutor$Worker.run(Unknown Source)
at java.lang.Thread.run(Unknown Source)
]]>
            </full-stacktrace>
          </exception> <!-- org.openqa.selenium.NoSuchWindowException -->
          <reporter-output>
          </reporter-output>
        </test-method> <!-- product -->
        <test-method status="FAIL" signature="close()[pri:0, instance:com.testcases.ProductTestCase@6121c9d6]" name="close" is-config="true" duration-ms="4" started-at="2020-03-06T04:46:50Z" finished-at="2020-03-06T04:46:50Z">
          <exception class="java.lang.StackOverflowError">
            <full-stacktrace>
              <![CDATA[java.lang.StackOverflowError
at com.testcases.ProductTestCase.close(ProductTestCase.java:25)
at com.testcases.ProductTestCase.close(ProductTestCase.java:25)
at com.testcases.ProductTestCase.close(ProductTestCase.java:25)
at com.testcases.ProductTestCase.close(ProductTestCase.java:25)
at com.testcases.ProductTestCase.close(ProductTestCase.java:25)
at com.testcases.ProductTestCase.close(ProductTestCase.java:25)
at com.testcases.ProductTestCase.close(ProductTestCase.java:25)
at com.testcases.ProductTestCase.close(ProductTestCase.java:25)
at com.testcases.ProductTestCase.close(ProductTestCase.java:25)
at com.testcases.ProductTestCase.close(ProductTestCase.java:25)
at com.testcases.ProductTestCase.close(ProductTestCase.java:25)
at com.testcases.ProductTestCase.close(ProductTestCase.java:25)
at com.testcases.ProductTestCase.close(ProductTestCase.java:25)
at com.testcases.ProductTestCase.close(ProductTestCase.java:25)
at com.testcases.ProductTestCase.close(ProductTestCase.java:25)
at com.testcases.ProductTestCase.close(ProductTestCase.java:25)
at com.testcases.ProductTestCase.close(ProductTestCase.java:25)
at com.testcases.ProductTestCase.close(ProductTestCase.java:25)
at com.testcases.ProductTestCase.close(ProductTestCase.java:25)
at com.testcases.ProductTestCase.close(ProductTestCase.java:25)
at com.testcases.ProductTestCase.close(ProductTestCase.java:25)
at com.testcases.ProductTestCase.close(ProductTestCase.java:25)
at com.testcases.ProductTestCase.close(ProductTestCase.java:25)
at com.testcases.ProductTestCase.close(ProductTestCase.java:25)
at com.testcases.ProductTestCase.close(ProductTestCase.java:25)
at com.testcases.ProductTestCase.close(ProductTestCase.java:25)
at com.testcases.ProductTestCase.close(ProductTestCase.java:25)
at com.testcases.ProductTestCase.close(ProductTestCase.java:25)
at com.testcases.ProductTestCase.close(ProductTestCase.java:25)
at com.testcases.ProductTestCase.close(ProductTestCase.java:25)
at com.testcases.ProductTestCase.close(ProductTestCase.java:25)
at com.testcases.ProductTestCase.close(ProductTestCase.java:25)
at com.testcases.ProductTestCase.close(ProductTestCase.java:25)
at com.testcases.ProductTestCase.close(ProductTestCase.java:25)
at com.testcases.ProductTestCase.close(ProductTestCase.java:25)
at com.testcases.ProductTestCase.close(ProductTestCase.java:25)
at com.testcases.ProductTestCase.close(ProductTestCase.java:25)
at com.testcases.ProductTestCase.close(ProductTestCase.java:25)
at com.testcases.ProductTestCase.close(ProductTestCase.java:25)
at com.testcases.ProductTestCase.close(ProductTestCase.java:25)
at com.testcases.ProductTestCase.close(ProductTestCase.java:25)
at com.testcases.ProductTestCase.close(ProductTestCase.java:25)
at com.testcases.ProductTestCase.close(ProductTestCase.java:25)
at com.testcases.ProductTestCase.close(ProductTestCase.java:25)
at com.testcases.ProductTestCase.close(ProductTestCase.java:25)
at com.testcases.ProductTestCase.close(ProductTestCase.java:25)
at com.testcases.ProductTestCase.close(ProductTestCase.java:25)
at com.testcases.ProductTestCase.close(ProductTestCase.java:25)
at com.testcases.ProductTestCase.close(ProductTestCase.java:25)
at com.testcases.ProductTestCase.close(ProductTestCase.java:25)
at com.testcases.ProductTestCase.close(ProductTestCase.java:25)
at com.testcases.ProductTestCase.close(ProductTestCase.java:25)
at com.testcases.ProductTestCase.close(ProductTestCase.java:25)
at com.testcases.ProductTestCase.close(ProductTestCase.java:25)
at com.testcases.ProductTestCase.close(ProductTestCase.java:25)
at com.testcases.ProductTestCase.close(ProductTestCase.java:25)
at com.testcases.ProductTestCase.close(ProductTestCase.java:25)
at com.testcases.ProductTestCase.close(ProductTestCase.java:25)
at com.testcases.ProductTestCase.close(ProductTestCase.java:25)
at com.testcases.ProductTestCase.close(ProductTestCase.java:25)
at com.testcases.ProductTestCase.close(ProductTestCase.java:25)
at com.testcases.ProductTestCase.close(ProductTestCase.java:25)
at com.testcases.ProductTestCase.close(ProductTestCase.java:25)
at com.testcases.ProductTestCase.close(ProductTestCase.java:25)
at com.testcases.ProductTestCase.close(ProductTestCase.java:25)
at com.testcases.ProductTestCase.close(ProductTestCase.java:25)
at com.testcases.ProductTestCase.close(ProductTestCase.java:25)
at com.testcases.ProductTestCase.close(ProductTestCase.java:25)
at com.testcases.ProductTestCase.close(ProductTestCase.java:25)
at com.testcases.ProductTestCase.close(ProductTestCase.java:25)
at com.testcases.ProductTestCase.close(ProductTestCase.java:25)
at com.testcases.ProductTestCase.close(ProductTestCase.java:25)
at com.testcases.ProductTestCase.close(ProductTestCase.java:25)
at com.testcases.ProductTestCase.close(ProductTestCase.java:25)
at com.testcases.ProductTestCase.close(ProductTestCase.java:25)
at com.testcases.ProductTestCase.close(ProductTestCase.java:25)
at com.testcases.ProductTestCase.close(ProductTestCase.java:25)
at com.testcases.ProductTestCase.close(ProductTestCase.java:25)
at com.testcases.ProductTestCase.close(ProductTestCase.java:25)
at com.testcases.ProductTestCase.close(ProductTestCase.java:25)
at com.testcases.ProductTestCase.close(ProductTestCase.java:25)
at com.testcases.ProductTestCase.close(ProductTestCase.java:25)
at com.testcases.ProductTestCase.close(ProductTestCase.java:25)
at com.testcases.ProductTestCase.close(ProductTestCase.java:25)
at com.testcases.ProductTestCase.close(ProductTestCase.java:25)
at com.testcases.ProductTestCase.close(ProductTestCase.java:25)
at com.testcases.ProductTestCase.close(ProductTestCase.java:25)
at com.testcases.ProductTestCase.close(ProductTestCase.java:25)
at com.testcases.ProductTestCase.close(ProductTestCase.java:25)
at com.testcases.ProductTestCase.close(ProductTestCase.java:25)
at com.testcases.ProductTestCase.close(ProductTestCase.java:25)
at com.testcases.ProductTestCase.close(ProductTestCase.java:25)
at com.testcases.ProductTestCase.close(ProductTestCase.java:25)
at com.testcases.ProductTestCase.close(ProductTestCase.java:25)
at com.testcases.ProductTestCase.close(ProductTestCase.java:25)
at com.testcases.ProductTestCase.close(ProductTestCase.java:25)
at com.testcases.ProductTestCase.close(ProductTestCase.java:25)
at com.testcases.ProductTestCase.close(ProductTestCase.java:25)
at com.testcases.ProductTestCase.close(ProductTestCase.java:25)
at com.testcases.ProductTestCase.close(ProductTestCase.java:25)
at com.testcases.ProductTestCase.close(ProductTestCase.java:25)
at com.testcases.ProductTestCase.close(ProductTestCase.java:25)
at com.testcases.ProductTestCase.close(ProductTestCase.java:25)
at com.testcases.ProductTestCase.close(ProductTestCase.java:25)
at com.testcases.ProductTestCase.close(ProductTestCase.java:25)
at com.testcases.ProductTestCase.close(ProductTestCase.java:25)
at com.testcases.ProductTestCase.close(ProductTestCase.java:25)
at com.testcases.ProductTestCase.close(ProductTestCase.java:25)
at com.testcases.ProductTestCase.close(ProductTestCase.java:25)
at com.testcases.ProductTestCase.close(ProductTestCase.java:25)
at com.testcases.ProductTestCase.close(ProductTestCase.java:25)
at com.testcases.ProductTestCase.close(ProductTestCase.java:25)
at com.testcases.ProductTestCase.close(ProductTestCase.java:25)
at com.testcases.ProductTestCase.close(ProductTestCase.java:25)
at com.testcases.ProductTestCase.close(ProductTestCase.java:25)
at com.testcases.ProductTestCase.close(ProductTestCase.java:25)
at com.testcases.ProductTestCase.close(ProductTestCase.java:25)
at com.testcases.ProductTestCase.close(ProductTestCase.java:25)
at com.testcases.ProductTestCase.close(ProductTestCase.java:25)
at com.testcases.ProductTestCase.close(ProductTestCase.java:25)
at com.testcases.ProductTestCase.close(ProductTestCase.java:25)
at com.testcases.ProductTestCase.close(ProductTestCase.java:25)
at com.testcases.ProductTestCase.close(ProductTestCase.java:25)
at com.testcases.ProductTestCase.close(ProductTestCase.java:25)
at com.testcases.ProductTestCase.close(ProductTestCase.java:25)
at com.testcases.ProductTestCase.close(ProductTestCase.java:25)
at com.testcases.ProductTestCase.close(ProductTestCase.java:25)
at com.testcases.ProductTestCase.close(ProductTestCase.java:25)
at com.testcases.ProductTestCase.close(ProductTestCase.java:25)
at com.testcases.ProductTestCase.close(ProductTestCase.java:25)
at com.testcases.ProductTestCase.close(ProductTestCase.java:25)
at com.testcases.ProductTestCase.close(ProductTestCase.java:25)
at com.testcases.ProductTestCase.close(ProductTestCase.java:25)
at com.testcases.ProductTestCase.close(ProductTestCase.java:25)
at com.testcases.ProductTestCase.close(ProductTestCase.java:25)
at com.testcases.ProductTestCase.close(ProductTestCase.java:25)
at com.testcases.ProductTestCase.close(ProductTestCase.java:25)
at com.testcases.ProductTestCase.close(ProductTestCase.java:25)
at com.testcases.ProductTestCase.close(ProductTestCase.java:25)
at com.testcases.ProductTestCase.close(ProductTestCase.java:25)
at com.testcases.ProductTestCase.close(ProductTestCase.java:25)
at com.testcases.ProductTestCase.close(ProductTestCase.java:25)
at com.testcases.ProductTestCase.close(ProductTestCase.java:25)
at com.testcases.ProductTestCase.close(ProductTestCase.java:25)
at com.testcases.ProductTestCase.close(ProductTestCase.java:25)
at com.testcases.ProductTestCase.close(ProductTestCase.java:25)
at com.testcases.ProductTestCase.close(ProductTestCase.java:25)
at com.testcases.ProductTestCase.close(ProductTestCase.java:25)
at com.testcases.ProductTestCase.close(ProductTestCase.java:25)
at com.testcases.ProductTestCase.close(ProductTestCase.java:25)
at com.testcases.ProductTestCase.close(ProductTestCase.java:25)
at com.testcases.ProductTestCase.close(ProductTestCase.java:25)
at com.testcases.ProductTestCase.close(ProductTestCase.java:25)
at com.testcases.ProductTestCase.close(ProductTestCase.java:25)
at com.testcases.ProductTestCase.close(ProductTestCase.java:25)
at com.testcases.ProductTestCase.close(ProductTestCase.java:25)
at com.testcases.ProductTestCase.close(ProductTestCase.java:25)
at com.testcases.ProductTestCase.close(ProductTestCase.java:25)
at com.testcases.ProductTestCase.close(ProductTestCase.java:25)
at com.testcases.ProductTestCase.close(ProductTestCase.java:25)
at com.testcases.ProductTestCase.close(ProductTestCase.java:25)
at com.testcases.ProductTestCase.close(ProductTestCase.java:25)
at com.testcases.ProductTestCase.close(ProductTestCase.java:25)
at com.testcases.ProductTestCase.close(ProductTestCase.java:25)
at com.testcases.ProductTestCase.close(ProductTestCase.java:25)
at com.testcases.ProductTestCase.close(ProductTestCase.java:25)
at com.testcases.ProductTestCase.close(ProductTestCase.java:25)
at com.testcases.ProductTestCase.close(ProductTestCase.java:25)
at com.testcases.ProductTestCase.close(ProductTestCase.java:25)
at com.testcases.ProductTestCase.close(ProductTestCase.java:25)
at com.testcases.ProductTestCase.close(ProductTestCase.java:25)
at com.testcases.ProductTestCase.close(ProductTestCase.java:25)
at com.testcases.ProductTestCase.close(ProductTestCase.java:25)
at com.testcases.ProductTestCase.close(ProductTestCase.java:25)
at com.testcases.ProductTestCase.close(ProductTestCase.java:25)
at com.testcases.ProductTestCase.close(ProductTestCase.java:25)
at com.testcases.ProductTestCase.close(ProductTestCase.java:25)
at com.testcases.ProductTestCase.close(ProductTestCase.java:25)
at com.testcases.ProductTestCase.close(ProductTestCase.java:25)
at com.testcases.ProductTestCase.close(ProductTestCase.java:25)
at com.testcases.ProductTestCase.close(ProductTestCase.java:25)
at com.testcases.ProductTestCase.close(ProductTestCase.java:25)
at com.testcases.ProductTestCase.close(ProductTestCase.java:25)
at com.testcases.ProductTestCase.close(ProductTestCase.java:25)
at com.testcases.ProductTestCase.close(ProductTestCase.java:25)
at com.testcases.ProductTestCase.close(ProductTestCase.java:25)
at com.testcases.ProductTestCase.close(ProductTestCase.java:25)
at com.testcases.ProductTestCase.close(ProductTestCase.java:25)
at com.testcases.ProductTestCase.close(ProductTestCase.java:25)
at com.testcases.ProductTestCase.close(ProductTestCase.java:25)
at com.testcases.ProductTestCase.close(ProductTestCase.java:25)
at com.testcases.ProductTestCase.close(ProductTestCase.java:25)
at com.testcases.ProductTestCase.close(ProductTestCase.java:25)
at com.testcases.ProductTestCase.close(ProductTestCase.java:25)
at com.testcases.ProductTestCase.close(ProductTestCase.java:25)
at com.testcases.ProductTestCase.close(ProductTestCase.java:25)
at com.testcases.ProductTestCase.close(ProductTestCase.java:25)
at com.testcases.ProductTestCase.close(ProductTestCase.java:25)
at com.testcases.ProductTestCase.close(ProductTestCase.java:25)
at com.testcases.ProductTestCase.close(ProductTestCase.java:25)
at com.testcases.ProductTestCase.close(ProductTestCase.java:25)
at com.testcases.ProductTestCase.close(ProductTestCase.java:25)
at com.testcases.ProductTestCase.close(ProductTestCase.java:25)
at com.testcases.ProductTestCase.close(ProductTestCase.java:25)
at com.testcases.ProductTestCase.close(ProductTestCase.java:25)
at com.testcases.ProductTestCase.close(ProductTestCase.java:25)
at com.testcases.ProductTestCase.close(ProductTestCase.java:25)
at com.testcases.ProductTestCase.close(ProductTestCase.java:25)
at com.testcases.ProductTestCase.close(ProductTestCase.java:25)
at com.testcases.ProductTestCase.close(ProductTestCase.java:25)
at com.testcases.ProductTestCase.close(ProductTestCase.java:25)
at com.testcases.ProductTestCase.close(ProductTestCase.java:25)
at com.testcases.ProductTestCase.close(ProductTestCase.java:25)
at com.testcases.ProductTestCase.close(ProductTestCase.java:25)
at com.testcases.ProductTestCase.close(ProductTestCase.java:25)
at com.testcases.ProductTestCase.close(ProductTestCase.java:25)
at com.testcases.ProductTestCase.close(ProductTestCase.java:25)
at com.testcases.ProductTestCase.close(ProductTestCase.java:25)
at com.testcases.ProductTestCase.close(ProductTestCase.java:25)
at com.testcases.ProductTestCase.close(ProductTestCase.java:25)
at com.testcases.ProductTestCase.close(ProductTestCase.java:25)
at com.testcases.ProductTestCase.close(ProductTestCase.java:25)
at com.testcases.ProductTestCase.close(ProductTestCase.java:25)
at com.testcases.ProductTestCase.close(ProductTestCase.java:25)
at com.testcases.ProductTestCase.close(ProductTestCase.java:25)
at com.testcases.ProductTestCase.close(ProductTestCase.java:25)
at com.testcases.ProductTestCase.close(ProductTestCase.java:25)
at com.testcases.ProductTestCase.close(ProductTestCase.java:25)
at com.testcases.ProductTestCase.close(ProductTestCase.java:25)
at com.testcases.ProductTestCase.close(ProductTestCase.java:25)
at com.testcases.ProductTestCase.close(ProductTestCase.java:25)
at com.testcases.ProductTestCase.close(ProductTestCase.java:25)
at com.testcases.ProductTestCase.close(ProductTestCase.java:25)
at com.testcases.ProductTestCase.close(ProductTestCase.java:25)
at com.testcases.ProductTestCase.close(ProductTestCase.java:25)
at com.testcases.ProductTestCase.close(ProductTestCase.java:25)
at com.testcases.ProductTestCase.close(ProductTestCase.java:25)
at com.testcases.ProductTestCase.close(ProductTestCase.java:25)
at com.testcases.ProductTestCase.close(ProductTestCase.java:25)
at com.testcases.ProductTestCase.close(ProductTestCase.java:25)
at com.testcases.ProductTestCase.close(ProductTestCase.java:25)
at com.testcases.ProductTestCase.close(ProductTestCase.java:25)
at com.testcases.ProductTestCase.close(ProductTestCase.java:25)
at com.testcases.ProductTestCase.close(ProductTestCase.java:25)
at com.testcases.ProductTestCase.close(ProductTestCase.java:25)
at com.testcases.ProductTestCase.close(ProductTestCase.java:25)
at com.testcases.ProductTestCase.close(ProductTestCase.java:25)
at com.testcases.ProductTestCase.close(ProductTestCase.java:25)
at com.testcases.ProductTestCase.close(ProductTestCase.java:25)
at com.testcases.ProductTestCase.close(ProductTestCase.java:25)
at com.testcases.ProductTestCase.close(ProductTestCase.java:25)
at com.testcases.ProductTestCase.close(ProductTestCase.java:25)
at com.testcases.ProductTestCase.close(ProductTestCase.java:25)
at com.testcases.ProductTestCase.close(ProductTestCase.java:25)
at com.testcases.ProductTestCase.close(ProductTestCase.java:25)
at com.testcases.ProductTestCase.close(ProductTestCase.java:25)
at com.testcases.ProductTestCase.close(ProductTestCase.java:25)
at com.testcases.ProductTestCase.close(ProductTestCase.java:25)
at com.testcases.ProductTestCase.close(ProductTestCase.java:25)
at com.testcases.ProductTestCase.close(ProductTestCase.java:25)
at com.testcases.ProductTestCase.close(ProductTestCase.java:25)
at com.testcases.ProductTestCase.close(ProductTestCase.java:25)
at com.testcases.ProductTestCase.close(ProductTestCase.java:25)
at com.testcases.ProductTestCase.close(ProductTestCase.java:25)
at com.testcases.ProductTestCase.close(ProductTestCase.java:25)
at com.testcases.ProductTestCase.close(ProductTestCase.java:25)
at com.testcases.ProductTestCase.close(ProductTestCase.java:25)
at com.testcases.ProductTestCase.close(ProductTestCase.java:25)
at com.testcases.ProductTestCase.close(ProductTestCase.java:25)
at com.testcases.ProductTestCase.close(ProductTestCase.java:25)
at com.testcases.ProductTestCase.close(ProductTestCase.java:25)
at com.testcases.ProductTestCase.close(ProductTestCase.java:25)
at com.testcases.ProductTestCase.close(ProductTestCase.java:25)
at com.testcases.ProductTestCase.close(ProductTestCase.java:25)
at com.testcases.ProductTestCase.close(ProductTestCase.java:25)
at com.testcases.ProductTestCase.close(ProductTestCase.java:25)
at com.testcases.ProductTestCase.close(ProductTestCase.java:25)
at com.testcases.ProductTestCase.close(ProductTestCase.java:25)
at com.testcases.ProductTestCase.close(ProductTestCase.java:25)
at com.testcases.ProductTestCase.close(ProductTestCase.java:25)
at com.testcases.ProductTestCase.close(ProductTestCase.java:25)
at com.testcases.ProductTestCase.close(ProductTestCase.java:25)
at com.testcases.ProductTestCase.close(ProductTestCase.java:25)
at com.testcases.ProductTestCase.close(ProductTestCase.java:25)
at com.testcases.ProductTestCase.close(ProductTestCase.java:25)
at com.testcases.ProductTestCase.close(ProductTestCase.java:25)
at com.testcases.ProductTestCase.close(ProductTestCase.java:25)
at com.testcases.ProductTestCase.close(ProductTestCase.java:25)
at com.testcases.ProductTestCase.close(ProductTestCase.java:25)
at com.testcases.ProductTestCase.close(ProductTestCase.java:25)
at com.testcases.ProductTestCase.close(ProductTestCase.java:25)
at com.testcases.ProductTestCase.close(ProductTestCase.java:25)
at com.testcases.ProductTestCase.close(ProductTestCase.java:25)
at com.testcases.ProductTestCase.close(ProductTestCase.java:25)
at com.testcases.ProductTestCase.close(ProductTestCase.java:25)
at com.testcases.ProductTestCase.close(ProductTestCase.java:25)
at com.testcases.ProductTestCase.close(ProductTestCase.java:25)
at com.testcases.ProductTestCase.close(ProductTestCase.java:25)
at com.testcases.ProductTestCase.close(ProductTestCase.java:25)
at com.testcases.ProductTestCase.close(ProductTestCase.java:25)
at com.testcases.ProductTestCase.close(ProductTestCase.java:25)
at com.testcases.ProductTestCase.close(ProductTestCase.java:25)
at com.testcases.ProductTestCase.close(ProductTestCase.java:25)
at com.testcases.ProductTestCase.close(ProductTestCase.java:25)
at com.testcases.ProductTestCase.close(ProductTestCase.java:25)
at com.testcases.ProductTestCase.close(ProductTestCase.java:25)
at com.testcases.ProductTestCase.close(ProductTestCase.java:25)
at com.testcases.ProductTestCase.close(ProductTestCase.java:25)
at com.testcases.ProductTestCase.close(ProductTestCase.java:25)
at com.testcases.ProductTestCase.close(ProductTestCase.java:25)
at com.testcases.ProductTestCase.close(ProductTestCase.java:25)
at com.testcases.ProductTestCase.close(ProductTestCase.java:25)
at com.testcases.ProductTestCase.close(ProductTestCase.java:25)
at com.testcases.ProductTestCase.close(ProductTestCase.java:25)
at com.testcases.ProductTestCase.close(ProductTestCase.java:25)
at com.testcases.ProductTestCase.close(ProductTestCase.java:25)
at com.testcases.ProductTestCase.close(ProductTestCase.java:25)
at com.testcases.ProductTestCase.close(ProductTestCase.java:25)
at com.testcases.ProductTestCase.close(ProductTestCase.java:25)
at com.testcases.ProductTestCase.close(ProductTestCase.java:25)
at com.testcases.ProductTestCase.close(ProductTestCase.java:25)
at com.testcases.ProductTestCase.close(ProductTestCase.java:25)
at com.testcases.ProductTestCase.close(ProductTestCase.java:25)
at com.testcases.ProductTestCase.close(ProductTestCase.java:25)
at com.testcases.ProductTestCase.close(ProductTestCase.java:25)
at com.testcases.ProductTestCase.close(ProductTestCase.java:25)
at com.testcases.ProductTestCase.close(ProductTestCase.java:25)
at com.testcases.ProductTestCase.close(ProductTestCase.java:25)
at com.testcases.ProductTestCase.close(ProductTestCase.java:25)
at com.testcases.ProductTestCase.close(ProductTestCase.java:25)
at com.testcases.ProductTestCase.close(ProductTestCase.java:25)
at com.testcases.ProductTestCase.close(ProductTestCase.java:25)
at com.testcases.ProductTestCase.close(ProductTestCase.java:25)
at com.testcases.ProductTestCase.close(ProductTestCase.java:25)
at com.testcases.ProductTestCase.close(ProductTestCase.java:25)
at com.testcases.ProductTestCase.close(ProductTestCase.java:25)
at com.testcases.ProductTestCase.close(ProductTestCase.java:25)
at com.testcases.ProductTestCase.close(ProductTestCase.java:25)
at com.testcases.ProductTestCase.close(ProductTestCase.java:25)
at com.testcases.ProductTestCase.close(ProductTestCase.java:25)
at com.testcases.ProductTestCase.close(ProductTestCase.java:25)
at com.testcases.ProductTestCase.close(ProductTestCase.java:25)
at com.testcases.ProductTestCase.close(ProductTestCase.java:25)
at com.testcases.ProductTestCase.close(ProductTestCase.java:25)
at com.testcases.ProductTestCase.close(ProductTestCase.java:25)
at com.testcases.ProductTestCase.close(ProductTestCase.java:25)
at com.testcases.ProductTestCase.close(ProductTestCase.java:25)
at com.testcases.ProductTestCase.close(ProductTestCase.java:25)
at com.testcases.ProductTestCase.close(ProductTestCase.java:25)
at com.testcases.ProductTestCase.close(ProductTestCase.java:25)
at com.testcases.ProductTestCase.close(ProductTestCase.java:25)
at com.testcases.ProductTestCase.close(ProductTestCase.java:25)
at com.testcases.ProductTestCase.close(ProductTestCase.java:25)
at com.testcases.ProductTestCase.close(ProductTestCase.java:25)
at com.testcases.ProductTestCase.close(ProductTestCase.java:25)
at com.testcases.ProductTestCase.close(ProductTestCase.java:25)
at com.testcases.ProductTestCase.close(ProductTestCase.java:25)
at com.testcases.ProductTestCase.close(ProductTestCase.java:25)
at com.testcases.ProductTestCase.close(ProductTestCase.java:25)
at com.testcases.ProductTestCase.close(ProductTestCase.java:25)
at com.testcases.ProductTestCase.close(ProductTestCase.java:25)
at com.testcases.ProductTestCase.close(ProductTestCase.java:25)
at com.testcases.ProductTestCase.close(ProductTestCase.java:25)
at com.testcases.ProductTestCase.close(ProductTestCase.java:25)
at com.testcases.ProductTestCase.close(ProductTestCase.java:25)
at com.testcases.ProductTestCase.close(ProductTestCase.java:25)
at com.testcases.ProductTestCase.close(ProductTestCase.java:25)
at com.testcases.ProductTestCase.close(ProductTestCase.java:25)
at com.testcases.ProductTestCase.close(ProductTestCase.java:25)
at com.testcases.ProductTestCase.close(ProductTestCase.java:25)
at com.testcases.ProductTestCase.close(ProductTestCase.java:25)
at com.testcases.ProductTestCase.close(ProductTestCase.java:25)
at com.testcases.ProductTestCase.close(ProductTestCase.java:25)
at com.testcases.ProductTestCase.close(ProductTestCase.java:25)
at com.testcases.ProductTestCase.close(ProductTestCase.java:25)
at com.testcases.ProductTestCase.close(ProductTestCase.java:25)
at com.testcases.ProductTestCase.close(ProductTestCase.java:25)
at com.testcases.ProductTestCase.close(ProductTestCase.java:25)
at com.testcases.ProductTestCase.close(ProductTestCase.java:25)
at com.testcases.ProductTestCase.close(ProductTestCase.java:25)
at com.testcases.ProductTestCase.close(ProductTestCase.java:25)
at com.testcases.ProductTestCase.close(ProductTestCase.java:25)
at com.testcases.ProductTestCase.close(ProductTestCase.java:25)
at com.testcases.ProductTestCase.close(ProductTestCase.java:25)
at com.testcases.ProductTestCase.close(ProductTestCase.java:25)
at com.testcases.ProductTestCase.close(ProductTestCase.java:25)
at com.testcases.ProductTestCase.close(ProductTestCase.java:25)
at com.testcases.ProductTestCase.close(ProductTestCase.java:25)
at com.testcases.ProductTestCase.close(ProductTestCase.java:25)
at com.testcases.ProductTestCase.close(ProductTestCase.java:25)
at com.testcases.ProductTestCase.close(ProductTestCase.java:25)
at com.testcases.ProductTestCase.close(ProductTestCase.java:25)
at com.testcases.ProductTestCase.close(ProductTestCase.java:25)
at com.testcases.ProductTestCase.close(ProductTestCase.java:25)
at com.testcases.ProductTestCase.close(ProductTestCase.java:25)
at com.testcases.ProductTestCase.close(ProductTestCase.java:25)
at com.testcases.ProductTestCase.close(ProductTestCase.java:25)
at com.testcases.ProductTestCase.close(ProductTestCase.java:25)
at com.testcases.ProductTestCase.close(ProductTestCase.java:25)
at com.testcases.ProductTestCase.close(ProductTestCase.java:25)
at com.testcases.ProductTestCase.close(ProductTestCase.java:25)
at com.testcases.ProductTestCase.close(ProductTestCase.java:25)
at com.testcases.ProductTestCase.close(ProductTestCase.java:25)
at com.testcases.ProductTestCase.close(ProductTestCase.java:25)
at com.testcases.ProductTestCase.close(ProductTestCase.java:25)
at com.testcases.ProductTestCase.close(ProductTestCase.java:25)
at com.testcases.ProductTestCase.close(ProductTestCase.java:25)
at com.testcases.ProductTestCase.close(ProductTestCase.java:25)
at com.testcases.ProductTestCase.close(ProductTestCase.java:25)
at com.testcases.ProductTestCase.close(ProductTestCase.java:25)
at com.testcases.ProductTestCase.close(ProductTestCase.java:25)
at com.testcases.ProductTestCase.close(ProductTestCase.java:25)
at com.testcases.ProductTestCase.close(ProductTestCase.java:25)
at com.testcases.ProductTestCase.close(ProductTestCase.java:25)
at com.testcases.ProductTestCase.close(ProductTestCase.java:25)
at com.testcases.ProductTestCase.close(ProductTestCase.java:25)
at com.testcases.ProductTestCase.close(ProductTestCase.java:25)
at com.testcases.ProductTestCase.close(ProductTestCase.java:25)
at com.testcases.ProductTestCase.close(ProductTestCase.java:25)
at com.testcases.ProductTestCase.close(ProductTestCase.java:25)
at com.testcases.ProductTestCase.close(ProductTestCase.java:25)
at com.testcases.ProductTestCase.close(ProductTestCase.java:25)
at com.testcases.ProductTestCase.close(ProductTestCase.java:25)
at com.testcases.ProductTestCase.close(ProductTestCase.java:25)
at com.testcases.ProductTestCase.close(ProductTestCase.java:25)
at com.testcases.ProductTestCase.close(ProductTestCase.java:25)
at com.testcases.ProductTestCase.close(ProductTestCase.java:25)
at com.testcases.ProductTestCase.close(ProductTestCase.java:25)
at com.testcases.ProductTestCase.close(ProductTestCase.java:25)
at com.testcases.ProductTestCase.close(ProductTestCase.java:25)
at com.testcases.ProductTestCase.close(ProductTestCase.java:25)
at com.testcases.ProductTestCase.close(ProductTestCase.java:25)
at com.testcases.ProductTestCase.close(ProductTestCase.java:25)
at com.testcases.ProductTestCase.close(ProductTestCase.java:25)
at com.testcases.ProductTestCase.close(ProductTestCase.java:25)
at com.testcases.ProductTestCase.close(ProductTestCase.java:25)
at com.testcases.ProductTestCase.close(ProductTestCase.java:25)
at com.testcases.ProductTestCase.close(ProductTestCase.java:25)
at com.testcases.ProductTestCase.close(ProductTestCase.java:25)
at com.testcases.ProductTestCase.close(ProductTestCase.java:25)
at com.testcases.ProductTestCase.close(ProductTestCase.java:25)
at com.testcases.ProductTestCase.close(ProductTestCase.java:25)
at com.testcases.ProductTestCase.close(ProductTestCase.java:25)
at com.testcases.ProductTestCase.close(ProductTestCase.java:25)
at com.testcases.ProductTestCase.close(ProductTestCase.java:25)
at com.testcases.ProductTestCase.close(ProductTestCase.java:25)
at com.testcases.ProductTestCase.close(ProductTestCase.java:25)
at com.testcases.ProductTestCase.close(ProductTestCase.java:25)
at com.testcases.ProductTestCase.close(ProductTestCase.java:25)
at com.testcases.ProductTestCase.close(ProductTestCase.java:25)
at com.testcases.ProductTestCase.close(ProductTestCase.java:25)
at com.testcases.ProductTestCase.close(ProductTestCase.java:25)
at com.testcases.ProductTestCase.close(ProductTestCase.java:25)
at com.testcases.ProductTestCase.close(ProductTestCase.java:25)
at com.testcases.ProductTestCase.close(ProductTestCase.java:25)
at com.testcases.ProductTestCase.close(ProductTestCase.java:25)
at com.testcases.ProductTestCase.close(ProductTestCase.java:25)
at com.testcases.ProductTestCase.close(ProductTestCase.java:25)
at com.testcases.ProductTestCase.close(ProductTestCase.java:25)
at com.testcases.ProductTestCase.close(ProductTestCase.java:25)
at com.testcases.ProductTestCase.close(ProductTestCase.java:25)
at com.testcases.ProductTestCase.close(ProductTestCase.java:25)
at com.testcases.ProductTestCase.close(ProductTestCase.java:25)
at com.testcases.ProductTestCase.close(ProductTestCase.java:25)
at com.testcases.ProductTestCase.close(ProductTestCase.java:25)
at com.testcases.ProductTestCase.close(ProductTestCase.java:25)
at com.testcases.ProductTestCase.close(ProductTestCase.java:25)
at com.testcases.ProductTestCase.close(ProductTestCase.java:25)
at com.testcases.ProductTestCase.close(ProductTestCase.java:25)
at com.testcases.ProductTestCase.close(ProductTestCase.java:25)
at com.testcases.ProductTestCase.close(ProductTestCase.java:25)
at com.testcases.ProductTestCase.close(ProductTestCase.java:25)
at com.testcases.ProductTestCase.close(ProductTestCase.java:25)
at com.testcases.ProductTestCase.close(ProductTestCase.java:25)
at com.testcases.ProductTestCase.close(ProductTestCase.java:25)
at com.testcases.ProductTestCase.close(ProductTestCase.java:25)
at com.testcases.ProductTestCase.close(ProductTestCase.java:25)
at com.testcases.ProductTestCase.close(ProductTestCase.java:25)
at com.testcases.ProductTestCase.close(ProductTestCase.java:25)
at com.testcases.ProductTestCase.close(ProductTestCase.java:25)
at com.testcases.ProductTestCase.close(ProductTestCase.java:25)
at com.testcases.ProductTestCase.close(ProductTestCase.java:25)
at com.testcases.ProductTestCase.close(ProductTestCase.java:25)
at com.testcases.ProductTestCase.close(ProductTestCase.java:25)
at com.testcases.ProductTestCase.close(ProductTestCase.java:25)
at com.testcases.ProductTestCase.close(ProductTestCase.java:25)
at com.testcases.ProductTestCase.close(ProductTestCase.java:25)
at com.testcases.ProductTestCase.close(ProductTestCase.java:25)
at com.testcases.ProductTestCase.close(ProductTestCase.java:25)
at com.testcases.ProductTestCase.close(ProductTestCase.java:25)
at com.testcases.ProductTestCase.close(ProductTestCase.java:25)
at com.testcases.ProductTestCase.close(ProductTestCase.java:25)
at com.testcases.ProductTestCase.close(ProductTestCase.java:25)
at com.testcases.ProductTestCase.close(ProductTestCase.java:25)
at com.testcases.ProductTestCase.close(ProductTestCase.java:25)
at com.testcases.ProductTestCase.close(ProductTestCase.java:25)
at com.testcases.ProductTestCase.close(ProductTestCase.java:25)
at com.testcases.ProductTestCase.close(ProductTestCase.java:25)
at com.testcases.ProductTestCase.close(ProductTestCase.java:25)
at com.testcases.ProductTestCase.close(ProductTestCase.java:25)
at com.testcases.ProductTestCase.close(ProductTestCase.java:25)
at com.testcases.ProductTestCase.close(ProductTestCase.java:25)
at com.testcases.ProductTestCase.close(ProductTestCase.java:25)
at com.testcases.ProductTestCase.close(ProductTestCase.java:25)
at com.testcases.ProductTestCase.close(ProductTestCase.java:25)
at com.testcases.ProductTestCase.close(ProductTestCase.java:25)
at com.testcases.ProductTestCase.close(ProductTestCase.java:25)
at com.testcases.ProductTestCase.close(ProductTestCase.java:25)
at com.testcases.ProductTestCase.close(ProductTestCase.java:25)
at com.testcases.ProductTestCase.close(ProductTestCase.java:25)
at com.testcases.ProductTestCase.close(ProductTestCase.java:25)
at com.testcases.ProductTestCase.close(ProductTestCase.java:25)
at com.testcases.ProductTestCase.close(ProductTestCase.java:25)
at com.testcases.ProductTestCase.close(ProductTestCase.java:25)
at com.testcases.ProductTestCase.close(ProductTestCase.java:25)
at com.testcases.ProductTestCase.close(ProductTestCase.java:25)
at com.testcases.ProductTestCase.close(ProductTestCase.java:25)
at com.testcases.ProductTestCase.close(ProductTestCase.java:25)
at com.testcases.ProductTestCase.close(ProductTestCase.java:25)
at com.testcases.ProductTestCase.close(ProductTestCase.java:25)
at com.testcases.ProductTestCase.close(ProductTestCase.java:25)
at com.testcases.ProductTestCase.close(ProductTestCase.java:25)
at com.testcases.ProductTestCase.close(ProductTestCase.java:25)
at com.testcases.ProductTestCase.close(ProductTestCase.java:25)
at com.testcases.ProductTestCase.close(ProductTestCase.java:25)
at com.testcases.ProductTestCase.close(ProductTestCase.java:25)
at com.testcases.ProductTestCase.close(ProductTestCase.java:25)
at com.testcases.ProductTestCase.close(ProductTestCase.java:25)
at com.testcases.ProductTestCase.close(ProductTestCase.java:25)
at com.testcases.ProductTestCase.close(ProductTestCase.java:25)
at com.testcases.ProductTestCase.close(ProductTestCase.java:25)
at com.testcases.ProductTestCase.close(ProductTestCase.java:25)
at com.testcases.ProductTestCase.close(ProductTestCase.java:25)
at com.testcases.ProductTestCase.close(ProductTestCase.java:25)
at com.testcases.ProductTestCase.close(ProductTestCase.java:25)
at com.testcases.ProductTestCase.close(ProductTestCase.java:25)
at com.testcases.ProductTestCase.close(ProductTestCase.java:25)
at com.testcases.ProductTestCase.close(ProductTestCase.java:25)
at com.testcases.ProductTestCase.close(ProductTestCase.java:25)
at com.testcases.ProductTestCase.close(ProductTestCase.java:25)
at com.testcases.ProductTestCase.close(ProductTestCase.java:25)
at com.testcases.ProductTestCase.close(ProductTestCase.java:25)
at com.testcases.ProductTestCase.close(ProductTestCase.java:25)
at com.testcases.ProductTestCase.close(ProductTestCase.java:25)
at com.testcases.ProductTestCase.close(ProductTestCase.java:25)
at com.testcases.ProductTestCase.close(ProductTestCase.java:25)
at com.testcases.ProductTestCase.close(ProductTestCase.java:25)
at com.testcases.ProductTestCase.close(ProductTestCase.java:25)
at com.testcases.ProductTestCase.close(ProductTestCase.java:25)
at com.testcases.ProductTestCase.close(ProductTestCase.java:25)
at com.testcases.ProductTestCase.close(ProductTestCase.java:25)
at com.testcases.ProductTestCase.close(ProductTestCase.java:25)
at com.testcases.ProductTestCase.close(ProductTestCase.java:25)
at com.testcases.ProductTestCase.close(ProductTestCase.java:25)
at com.testcases.ProductTestCase.close(ProductTestCase.java:25)
at com.testcases.ProductTestCase.close(ProductTestCase.java:25)
at com.testcases.ProductTestCase.close(ProductTestCase.java:25)
at com.testcases.ProductTestCase.close(ProductTestCase.java:25)
at com.testcases.ProductTestCase.close(ProductTestCase.java:25)
at com.testcases.ProductTestCase.close(ProductTestCase.java:25)
at com.testcases.ProductTestCase.close(ProductTestCase.java:25)
at com.testcases.ProductTestCase.close(ProductTestCase.java:25)
at com.testcases.ProductTestCase.close(ProductTestCase.java:25)
at com.testcases.ProductTestCase.close(ProductTestCase.java:25)
at com.testcases.ProductTestCase.close(ProductTestCase.java:25)
at com.testcases.ProductTestCase.close(ProductTestCase.java:25)
at com.testcases.ProductTestCase.close(ProductTestCase.java:25)
at com.testcases.ProductTestCase.close(ProductTestCase.java:25)
at com.testcases.ProductTestCase.close(ProductTestCase.java:25)
at com.testcases.ProductTestCase.close(ProductTestCase.java:25)
at com.testcases.ProductTestCase.close(ProductTestCase.java:25)
at com.testcases.ProductTestCase.close(ProductTestCase.java:25)
at com.testcases.ProductTestCase.close(ProductTestCase.java:25)
at com.testcases.ProductTestCase.close(ProductTestCase.java:25)
at com.testcases.ProductTestCase.close(ProductTestCase.java:25)
at com.testcases.ProductTestCase.close(ProductTestCase.java:25)
at com.testcases.ProductTestCase.close(ProductTestCase.java:25)
at com.testcases.ProductTestCase.close(ProductTestCase.java:25)
at com.testcases.ProductTestCase.close(ProductTestCase.java:25)
at com.testcases.ProductTestCase.close(ProductTestCase.java:25)
at com.testcases.ProductTestCase.close(ProductTestCase.java:25)
at com.testcases.ProductTestCase.close(ProductTestCase.java:25)
at com.testcases.ProductTestCase.close(ProductTestCase.java:25)
at com.testcases.ProductTestCase.close(ProductTestCase.java:25)
at com.testcases.ProductTestCase.close(ProductTestCase.java:25)
at com.testcases.ProductTestCase.close(ProductTestCase.java:25)
at com.testcases.ProductTestCase.close(ProductTestCase.java:25)
at com.testcases.ProductTestCase.close(ProductTestCase.java:25)
at com.testcases.ProductTestCase.close(ProductTestCase.java:25)
at com.testcases.ProductTestCase.close(ProductTestCase.java:25)
at com.testcases.ProductTestCase.close(ProductTestCase.java:25)
at com.testcases.ProductTestCase.close(ProductTestCase.java:25)
at com.testcases.ProductTestCase.close(ProductTestCase.java:25)
at com.testcases.ProductTestCase.close(ProductTestCase.java:25)
at com.testcases.ProductTestCase.close(ProductTestCase.java:25)
at com.testcases.ProductTestCase.close(ProductTestCase.java:25)
at com.testcases.ProductTestCase.close(ProductTestCase.java:25)
at com.testcases.ProductTestCase.close(ProductTestCase.java:25)
at com.testcases.ProductTestCase.close(ProductTestCase.java:25)
at com.testcases.ProductTestCase.close(ProductTestCase.java:25)
at com.testcases.ProductTestCase.close(ProductTestCase.java:25)
at com.testcases.ProductTestCase.close(ProductTestCase.java:25)
at com.testcases.ProductTestCase.close(ProductTestCase.java:25)
at com.testcases.ProductTestCase.close(ProductTestCase.java:25)
at com.testcases.ProductTestCase.close(ProductTestCase.java:25)
at com.testcases.ProductTestCase.close(ProductTestCase.java:25)
at com.testcases.ProductTestCase.close(ProductTestCase.java:25)
at com.testcases.ProductTestCase.close(ProductTestCase.java:25)
at com.testcases.ProductTestCase.close(ProductTestCase.java:25)
at com.testcases.ProductTestCase.close(ProductTestCase.java:25)
at com.testcases.ProductTestCase.close(ProductTestCase.java:25)
at com.testcases.ProductTestCase.close(ProductTestCase.java:25)
at com.testcases.ProductTestCase.close(ProductTestCase.java:25)
at com.testcases.ProductTestCase.close(ProductTestCase.java:25)
at com.testcases.ProductTestCase.close(ProductTestCase.java:25)
at com.testcases.ProductTestCase.close(ProductTestCase.java:25)
at com.testcases.ProductTestCase.close(ProductTestCase.java:25)
at com.testcases.ProductTestCase.close(ProductTestCase.java:25)
at com.testcases.ProductTestCase.close(ProductTestCase.java:25)
at com.testcases.ProductTestCase.close(ProductTestCase.java:25)
at com.testcases.ProductTestCase.close(ProductTestCase.java:25)
at com.testcases.ProductTestCase.close(ProductTestCase.java:25)
at com.testcases.ProductTestCase.close(ProductTestCase.java:25)
at com.testcases.ProductTestCase.close(ProductTestCase.java:25)
at com.testcases.ProductTestCase.close(ProductTestCase.java:25)
at com.testcases.ProductTestCase.close(ProductTestCase.java:25)
at com.testcases.ProductTestCase.close(ProductTestCase.java:25)
at com.testcases.ProductTestCase.close(ProductTestCase.java:25)
at com.testcases.ProductTestCase.close(ProductTestCase.java:25)
at com.testcases.ProductTestCase.close(ProductTestCase.java:25)
at com.testcases.ProductTestCase.close(ProductTestCase.java:25)
at com.testcases.ProductTestCase.close(ProductTestCase.java:25)
at com.testcases.ProductTestCase.close(ProductTestCase.java:25)
at com.testcases.ProductTestCase.close(ProductTestCase.java:25)
at com.testcases.ProductTestCase.close(ProductTestCase.java:25)
at com.testcases.ProductTestCase.close(ProductTestCase.java:25)
at com.testcases.ProductTestCase.close(ProductTestCase.java:25)
at com.testcases.ProductTestCase.close(ProductTestCase.java:25)
at com.testcases.ProductTestCase.close(ProductTestCase.java:25)
at com.testcases.ProductTestCase.close(ProductTestCase.java:25)
at com.testcases.ProductTestCase.close(ProductTestCase.java:25)
at com.testcases.ProductTestCase.close(ProductTestCase.java:25)
at com.testcases.ProductTestCase.close(ProductTestCase.java:25)
at com.testcases.ProductTestCase.close(ProductTestCase.java:25)
at com.testcases.ProductTestCase.close(ProductTestCase.java:25)
at com.testcases.ProductTestCase.close(ProductTestCase.java:25)
at com.testcases.ProductTestCase.close(ProductTestCase.java:25)
at com.testcases.ProductTestCase.close(ProductTestCase.java:25)
at com.testcases.ProductTestCase.close(ProductTestCase.java:25)
at com.testcases.ProductTestCase.close(ProductTestCase.java:25)
at com.testcases.ProductTestCase.close(ProductTestCase.java:25)
at com.testcases.ProductTestCase.close(ProductTestCase.java:25)
at com.testcases.ProductTestCase.close(ProductTestCase.java:25)
at com.testcases.ProductTestCase.close(ProductTestCase.java:25)
at com.testcases.ProductTestCase.close(ProductTestCase.java:25)
at com.testcases.ProductTestCase.close(ProductTestCase.java:25)
at com.testcases.ProductTestCase.close(ProductTestCase.java:25)
at com.testcases.ProductTestCase.close(ProductTestCase.java:25)
at com.testcases.ProductTestCase.close(ProductTestCase.java:25)
at com.testcases.ProductTestCase.close(ProductTestCase.java:25)
at com.testcases.ProductTestCase.close(ProductTestCase.java:25)
at com.testcases.ProductTestCase.close(ProductTestCase.java:25)
at com.testcases.ProductTestCase.close(ProductTestCase.java:25)
at com.testcases.ProductTestCase.close(ProductTestCase.java:25)
at com.testcases.ProductTestCase.close(ProductTestCase.java:25)
at com.testcases.ProductTestCase.close(ProductTestCase.java:25)
at com.testcases.ProductTestCase.close(ProductTestCase.java:25)
at com.testcases.ProductTestCase.close(ProductTestCase.java:25)
at com.testcases.ProductTestCase.close(ProductTestCase.java:25)
at com.testcases.ProductTestCase.close(ProductTestCase.java:25)
at com.testcases.ProductTestCase.close(ProductTestCase.java:25)
at com.testcases.ProductTestCase.close(ProductTestCase.java:25)
at com.testcases.ProductTestCase.close(ProductTestCase.java:25)
at com.testcases.ProductTestCase.close(ProductTestCase.java:25)
at com.testcases.ProductTestCase.close(ProductTestCase.java:25)
at com.testcases.ProductTestCase.close(ProductTestCase.java:25)
at com.testcases.ProductTestCase.close(ProductTestCase.java:25)
at com.testcases.ProductTestCase.close(ProductTestCase.java:25)
at com.testcases.ProductTestCase.close(ProductTestCase.java:25)
at com.testcases.ProductTestCase.close(ProductTestCase.java:25)
at com.testcases.ProductTestCase.close(ProductTestCase.java:25)
at com.testcases.ProductTestCase.close(ProductTestCase.java:25)
at com.testcases.ProductTestCase.close(ProductTestCase.java:25)
at com.testcases.ProductTestCase.close(ProductTestCase.java:25)
at com.testcases.ProductTestCase.close(ProductTestCase.java:25)
at com.testcases.ProductTestCase.close(ProductTestCase.java:25)
at com.testcases.ProductTestCase.close(ProductTestCase.java:25)
at com.testcases.ProductTestCase.close(ProductTestCase.java:25)
at com.testcases.ProductTestCase.close(ProductTestCase.java:25)
at com.testcases.ProductTestCase.close(ProductTestCase.java:25)
at com.testcases.ProductTestCase.close(ProductTestCase.java:25)
at com.testcases.ProductTestCase.close(ProductTestCase.java:25)
at com.testcases.ProductTestCase.close(ProductTestCase.java:25)
at com.testcases.ProductTestCase.close(ProductTestCase.java:25)
at com.testcases.ProductTestCase.close(ProductTestCase.java:25)
at com.testcases.ProductTestCase.close(ProductTestCase.java:25)
at com.testcases.ProductTestCase.close(ProductTestCase.java:25)
at com.testcases.ProductTestCase.close(ProductTestCase.java:25)
at com.testcases.ProductTestCase.close(ProductTestCase.java:25)
at com.testcases.ProductTestCase.close(ProductTestCase.java:25)
at com.testcases.ProductTestCase.close(ProductTestCase.java:25)
at com.testcases.ProductTestCase.close(ProductTestCase.java:25)
at com.testcases.ProductTestCase.close(ProductTestCase.java:25)
at com.testcases.ProductTestCase.close(ProductTestCase.java:25)
at com.testcases.ProductTestCase.close(ProductTestCase.java:25)
at com.testcases.ProductTestCase.close(ProductTestCase.java:25)
at com.testcases.ProductTestCase.close(ProductTestCase.java:25)
at com.testcases.ProductTestCase.close(ProductTestCase.java:25)
at com.testcases.ProductTestCase.close(ProductTestCase.java:25)
at com.testcases.ProductTestCase.close(ProductTestCase.java:25)
at com.testcases.ProductTestCase.close(ProductTestCase.java:25)
at com.testcases.ProductTestCase.close(ProductTestCase.java:25)
at com.testcases.ProductTestCase.close(ProductTestCase.java:25)
at com.testcases.ProductTestCase.close(ProductTestCase.java:25)
at com.testcases.ProductTestCase.close(ProductTestCase.java:25)
at com.testcases.ProductTestCase.close(ProductTestCase.java:25)
at com.testcases.ProductTestCase.close(ProductTestCase.java:25)
at com.testcases.ProductTestCase.close(ProductTestCase.java:25)
at com.testcases.ProductTestCase.close(ProductTestCase.java:25)
at com.testcases.ProductTestCase.close(ProductTestCase.java:25)
at com.testcases.ProductTestCase.close(ProductTestCase.java:25)
at com.testcases.ProductTestCase.close(ProductTestCase.java:25)
at com.testcases.ProductTestCase.close(ProductTestCase.java:25)
at com.testcases.ProductTestCase.close(ProductTestCase.java:25)
at com.testcases.ProductTestCase.close(ProductTestCase.java:25)
at com.testcases.ProductTestCase.close(ProductTestCase.java:25)
at com.testcases.ProductTestCase.close(ProductTestCase.java:25)
at com.testcases.ProductTestCase.close(ProductTestCase.java:25)
at com.testcases.ProductTestCase.close(ProductTestCase.java:25)
at com.testcases.ProductTestCase.close(ProductTestCase.java:25)
at com.testcases.ProductTestCase.close(ProductTestCase.java:25)
at com.testcases.ProductTestCase.close(ProductTestCase.java:25)
at com.testcases.ProductTestCase.close(ProductTestCase.java:25)
at com.testcases.ProductTestCase.close(ProductTestCase.java:25)
at com.testcases.ProductTestCase.close(ProductTestCase.java:25)
at com.testcases.ProductTestCase.close(ProductTestCase.java:25)
at com.testcases.ProductTestCase.close(ProductTestCase.java:25)
at com.testcases.ProductTestCase.close(ProductTestCase.java:25)
at com.testcases.ProductTestCase.close(ProductTestCase.java:25)
at com.testcases.ProductTestCase.close(ProductTestCase.java:25)
at com.testcases.ProductTestCase.close(ProductTestCase.java:25)
at com.testcases.ProductTestCase.close(ProductTestCase.java:25)
at com.testcases.ProductTestCase.close(ProductTestCase.java:25)
at com.testcases.ProductTestCase.close(ProductTestCase.java:25)
at com.testcases.ProductTestCase.close(ProductTestCase.java:25)
at com.testcases.ProductTestCase.close(ProductTestCase.java:25)
at com.testcases.ProductTestCase.close(ProductTestCase.java:25)
at com.testcases.ProductTestCase.close(ProductTestCase.java:25)
at com.testcases.ProductTestCase.close(ProductTestCase.java:25)
at com.testcases.ProductTestCase.close(ProductTestCase.java:25)
at com.testcases.ProductTestCase.close(ProductTestCase.java:25)
at com.testcases.ProductTestCase.close(ProductTestCase.java:25)
at com.testcases.ProductTestCase.close(ProductTestCase.java:25)
at com.testcases.ProductTestCase.close(ProductTestCase.java:25)
at com.testcases.ProductTestCase.close(ProductTestCase.java:25)
at com.testcases.ProductTestCase.close(ProductTestCase.java:25)
at com.testcases.ProductTestCase.close(ProductTestCase.java:25)
at com.testcases.ProductTestCase.close(ProductTestCase.java:25)
at com.testcases.ProductTestCase.close(ProductTestCase.java:25)
at com.testcases.ProductTestCase.close(ProductTestCase.java:25)
at com.testcases.ProductTestCase.close(ProductTestCase.java:25)
at com.testcases.ProductTestCase.close(ProductTestCase.java:25)
at com.testcases.ProductTestCase.close(ProductTestCase.java:25)
at com.testcases.ProductTestCase.close(ProductTestCase.java:25)
at com.testcases.ProductTestCase.close(ProductTestCase.java:25)
at com.testcases.ProductTestCase.close(ProductTestCase.java:25)
at com.testcases.ProductTestCase.close(ProductTestCase.java:25)
at com.testcases.ProductTestCase.close(ProductTestCase.java:25)
at com.testcases.ProductTestCase.close(ProductTestCase.java:25)
at com.testcases.ProductTestCase.close(ProductTestCase.java:25)
at com.testcases.ProductTestCase.close(ProductTestCase.java:25)
at com.testcases.ProductTestCase.close(ProductTestCase.java:25)
at com.testcases.ProductTestCase.close(ProductTestCase.java:25)
at com.testcases.ProductTestCase.close(ProductTestCase.java:25)
at com.testcases.ProductTestCase.close(ProductTestCase.java:25)
at com.testcases.ProductTestCase.close(ProductTestCase.java:25)
at com.testcases.ProductTestCase.close(ProductTestCase.java:25)
at com.testcases.ProductTestCase.close(ProductTestCase.java:25)
at com.testcases.ProductTestCase.close(ProductTestCase.java:25)
at com.testcases.ProductTestCase.close(ProductTestCase.java:25)
at com.testcases.ProductTestCase.close(ProductTestCase.java:25)
at com.testcases.ProductTestCase.close(ProductTestCase.java:25)
at com.testcases.ProductTestCase.close(ProductTestCase.java:25)
at com.testcases.ProductTestCase.close(ProductTestCase.java:25)
at com.testcases.ProductTestCase.close(ProductTestCase.java:25)
at com.testcases.ProductTestCase.close(ProductTestCase.java:25)
at com.testcases.ProductTestCase.close(ProductTestCase.java:25)
at com.testcases.ProductTestCase.close(ProductTestCase.java:25)
at com.testcases.ProductTestCase.close(ProductTestCase.java:25)
at com.testcases.ProductTestCase.close(ProductTestCase.java:25)
at com.testcases.ProductTestCase.close(ProductTestCase.java:25)
at com.testcases.ProductTestCase.close(ProductTestCase.java:25)
at com.testcases.ProductTestCase.close(ProductTestCase.java:25)
at com.testcases.ProductTestCase.close(ProductTestCase.java:25)
at com.testcases.ProductTestCase.close(ProductTestCase.java:25)
at com.testcases.ProductTestCase.close(ProductTestCase.java:25)
at com.testcases.ProductTestCase.close(ProductTestCase.java:25)
at com.testcases.ProductTestCase.close(ProductTestCase.java:25)
at com.testcases.ProductTestCase.close(ProductTestCase.java:25)
at com.testcases.ProductTestCase.close(ProductTestCase.java:25)
at com.testcases.ProductTestCase.close(ProductTestCase.java:25)
at com.testcases.ProductTestCase.close(ProductTestCase.java:25)
at com.testcases.ProductTestCase.close(ProductTestCase.java:25)
at com.testcases.ProductTestCase.close(ProductTestCase.java:25)
at com.testcases.ProductTestCase.close(ProductTestCase.java:25)
at com.testcases.ProductTestCase.close(ProductTestCase.java:25)
at com.testcases.ProductTestCase.close(ProductTestCase.java:25)
at com.testcases.ProductTestCase.close(ProductTestCase.java:25)
at com.testcases.ProductTestCase.close(ProductTestCase.java:25)
at com.testcases.ProductTestCase.close(ProductTestCase.java:25)
at com.testcases.ProductTestCase.close(ProductTestCase.java:25)
at com.testcases.ProductTestCase.close(ProductTestCase.java:25)
at com.testcases.ProductTestCase.close(ProductTestCase.java:25)
at com.testcases.ProductTestCase.close(ProductTestCase.java:25)
at com.testcases.ProductTestCase.close(ProductTestCase.java:25)
at com.testcases.ProductTestCase.close(ProductTestCase.java:25)
at com.testcases.ProductTestCase.close(ProductTestCase.java:25)
at com.testcases.ProductTestCase.close(ProductTestCase.java:25)
at com.testcases.ProductTestCase.close(ProductTestCase.java:25)
at com.testcases.ProductTestCase.close(ProductTestCase.java:25)
at com.testcases.ProductTestCase.close(ProductTestCase.java:25)
at com.testcases.ProductTestCase.close(ProductTestCase.java:25)
at com.testcases.ProductTestCase.close(ProductTestCase.java:25)
at com.testcases.ProductTestCase.close(ProductTestCase.java:25)
at com.testcases.ProductTestCase.close(ProductTestCase.java:25)
at com.testcases.ProductTestCase.close(ProductTestCase.java:25)
at com.testcases.ProductTestCase.close(ProductTestCase.java:25)
at com.testcases.ProductTestCase.close(ProductTestCase.java:25)
at com.testcases.ProductTestCase.close(ProductTestCase.java:25)
at com.testcases.ProductTestCase.close(ProductTestCase.java:25)
at com.testcases.ProductTestCase.close(ProductTestCase.java:25)
at com.testcases.ProductTestCase.close(ProductTestCase.java:25)
at com.testcases.ProductTestCase.close(ProductTestCase.java:25)
at com.testcases.ProductTestCase.close(ProductTestCase.java:25)
at com.testcases.ProductTestCase.close(ProductTestCase.java:25)
at com.testcases.ProductTestCase.close(ProductTestCase.java:25)
at com.testcases.ProductTestCase.close(ProductTestCase.java:25)
at com.testcases.ProductTestCase.close(ProductTestCase.java:25)
at com.testcases.ProductTestCase.close(ProductTestCase.java:25)
at com.testcases.ProductTestCase.close(ProductTestCase.java:25)
at com.testcases.ProductTestCase.close(ProductTestCase.java:25)
at com.testcases.ProductTestCase.close(ProductTestCase.java:25)
at com.testcases.ProductTestCase.close(ProductTestCase.java:25)
at com.testcases.ProductTestCase.close(ProductTestCase.java:25)
at com.testcases.ProductTestCase.close(ProductTestCase.java:25)
at com.testcases.ProductTestCase.close(ProductTestCase.java:25)
at com.testcases.ProductTestCase.close(ProductTestCase.java:25)
at com.testcases.ProductTestCase.close(ProductTestCase.java:25)
at com.testcases.ProductTestCase.close(ProductTestCase.java:25)
at com.testcases.ProductTestCase.close(ProductTestCase.java:25)
at com.testcases.ProductTestCase.close(ProductTestCase.java:25)
at com.testcases.ProductTestCase.close(ProductTestCase.java:25)
at com.testcases.ProductTestCase.close(ProductTestCase.java:25)
at com.testcases.ProductTestCase.close(ProductTestCase.java:25)
at com.testcases.ProductTestCase.close(ProductTestCase.java:25)
at com.testcases.ProductTestCase.close(ProductTestCase.java:25)
at com.testcases.ProductTestCase.close(ProductTestCase.java:25)
at com.testcases.ProductTestCase.close(ProductTestCase.java:25)
at com.testcases.ProductTestCase.close(ProductTestCase.java:25)
at com.testcases.ProductTestCase.close(ProductTestCase.java:25)
at com.testcases.ProductTestCase.close(ProductTestCase.java:25)
at com.testcases.ProductTestCase.close(ProductTestCase.java:25)
at com.testcases.ProductTestCase.close(ProductTestCase.java:25)
at com.testcases.ProductTestCase.close(ProductTestCase.java:25)
at com.testcases.ProductTestCase.close(ProductTestCase.java:25)
at com.testcases.ProductTestCase.close(ProductTestCase.java:25)
at com.testcases.ProductTestCase.close(ProductTestCase.java:25)
at com.testcases.ProductTestCase.close(ProductTestCase.java:25)
at com.testcases.ProductTestCase.close(ProductTestCase.java:25)
at com.testcases.ProductTestCase.close(ProductTestCase.java:25)
at com.testcases.ProductTestCase.close(ProductTestCase.java:25)
at com.testcases.ProductTestCase.close(ProductTestCase.java:25)
at com.testcases.ProductTestCase.close(ProductTestCase.java:25)
at com.testcases.ProductTestCase.close(ProductTestCase.java:25)
at com.testcases.ProductTestCase.close(ProductTestCase.java:25)
at com.testcases.ProductTestCase.close(ProductTestCase.java:25)
at com.testcases.ProductTestCase.close(ProductTestCase.java:25)
at com.testcases.ProductTestCase.close(ProductTestCase.java:25)
at com.testcases.ProductTestCase.close(ProductTestCase.java:25)
at com.testcases.ProductTestCase.close(ProductTestCase.java:25)
at com.testcases.ProductTestCase.close(ProductTestCase.java:25)
at com.testcases.ProductTestCase.close(ProductTestCase.java:25)
at com.testcases.ProductTestCase.close(ProductTestCase.java:25)
at com.testcases.ProductTestCase.close(ProductTestCase.java:25)
at com.testcases.ProductTestCase.close(ProductTestCase.java:25)
at com.testcases.ProductTestCase.close(ProductTestCase.java:25)
at com.testcases.ProductTestCase.close(ProductTestCase.java:25)
at com.testcases.ProductTestCase.close(ProductTestCase.java:25)
at com.testcases.ProductTestCase.close(ProductTestCase.java:25)
at com.testcases.ProductTestCase.close(ProductTestCase.java:25)
at com.testcases.ProductTestCase.close(ProductTestCase.java:25)
at com.testcases.ProductTestCase.close(ProductTestCase.java:25)
at com.testcases.ProductTestCase.close(ProductTestCase.java:25)
at com.testcases.ProductTestCase.close(ProductTestCase.java:25)
at com.testcases.ProductTestCase.close(ProductTestCase.java:25)
at com.testcases.ProductTestCase.close(ProductTestCase.java:25)
at com.testcases.ProductTestCase.close(ProductTestCase.java:25)
at com.testcases.ProductTestCase.close(ProductTestCase.java:25)
at com.testcases.ProductTestCase.close(ProductTestCase.java:25)
at com.testcases.ProductTestCase.close(ProductTestCase.java:25)
at com.testcases.ProductTestCase.close(ProductTestCase.java:25)
at com.testcases.ProductTestCase.close(ProductTestCase.java:25)
at com.testcases.ProductTestCase.close(ProductTestCase.java:25)
at com.testcases.ProductTestCase.close(ProductTestCase.java:25)
at com.testcases.ProductTestCase.close(ProductTestCase.java:25)
at com.testcases.ProductTestCase.close(ProductTestCase.java:25)
at com.testcases.ProductTestCase.close(ProductTestCase.java:25)
at com.testcases.ProductTestCase.close(ProductTestCase.java:25)
at com.testcases.ProductTestCase.close(ProductTestCase.java:25)
at com.testcases.ProductTestCase.close(ProductTestCase.java:25)
at com.testcases.ProductTestCase.close(ProductTestCase.java:25)
at com.testcases.ProductTestCase.close(ProductTestCase.java:25)
at com.testcases.ProductTestCase.close(ProductTestCase.java:25)
at com.testcases.ProductTestCase.close(ProductTestCase.java:25)
at com.testcases.ProductTestCase.close(ProductTestCase.java:25)
at com.testcases.ProductTestCase.close(ProductTestCase.java:25)
at com.testcases.ProductTestCase.close(ProductTestCase.java:25)
at com.testcases.ProductTestCase.close(ProductTestCase.java:25)
at com.testcases.ProductTestCase.close(ProductTestCase.java:25)
at com.testcases.ProductTestCase.close(ProductTestCase.java:25)
at com.testcases.ProductTestCase.close(ProductTestCase.java:25)
at com.testcases.ProductTestCase.close(ProductTestCase.java:25)
at com.testcases.ProductTestCase.close(ProductTestCase.java:25)
at com.testcases.ProductTestCase.close(ProductTestCase.java:25)
at com.testcases.ProductTestCase.close(ProductTestCase.java:25)
at com.testcases.ProductTestCase.close(ProductTestCase.java:25)
at com.testcases.ProductTestCase.close(ProductTestCase.java:25)
at com.testcases.ProductTestCase.close(ProductTestCase.java:25)
at com.testcases.ProductTestCase.close(ProductTestCase.java:25)
at com.testcases.ProductTestCase.close(ProductTestCase.java:25)
at com.testcases.ProductTestCase.close(ProductTestCase.java:25)
at com.testcases.ProductTestCase.close(ProductTestCase.java:25)
at com.testcases.ProductTestCase.close(ProductTestCase.java:25)
at com.testcases.ProductTestCase.close(ProductTestCase.java:25)
at com.testcases.ProductTestCase.close(ProductTestCase.java:25)
at com.testcases.ProductTestCase.close(ProductTestCase.java:25)
at com.testcases.ProductTestCase.close(ProductTestCase.java:25)
at com.testcases.ProductTestCase.close(ProductTestCase.java:25)
at com.testcases.ProductTestCase.close(ProductTestCase.java:25)
at com.testcases.ProductTestCase.close(ProductTestCase.java:25)
at com.testcases.ProductTestCase.close(ProductTestCase.java:25)
at com.testcases.ProductTestCase.close(ProductTestCase.java:25)
at com.testcases.ProductTestCase.close(ProductTestCase.java:25)
at com.testcases.ProductTestCase.close(ProductTestCase.java:25)
at com.testcases.ProductTestCase.close(ProductTestCase.java:25)
at com.testcases.ProductTestCase.close(ProductTestCase.java:25)
at com.testcases.ProductTestCase.close(ProductTestCase.java:25)
at com.testcases.ProductTestCase.close(ProductTestCase.java:25)
at com.testcases.ProductTestCase.close(ProductTestCase.java:25)
at com.testcases.ProductTestCase.close(ProductTestCase.java:25)
at com.testcases.ProductTestCase.close(ProductTestCase.java:25)
at com.testcases.ProductTestCase.close(ProductTestCase.java:25)
at com.testcases.ProductTestCase.close(ProductTestCase.java:25)
at com.testcases.ProductTestCase.close(ProductTestCase.java:25)
at com.testcases.ProductTestCase.close(ProductTestCase.java:25)
at com.testcases.ProductTestCase.close(ProductTestCase.java:25)
at com.testcases.ProductTestCase.close(ProductTestCase.java:25)
at com.testcases.ProductTestCase.close(ProductTestCase.java:25)
at com.testcases.ProductTestCase.close(ProductTestCase.java:25)
at com.testcases.ProductTestCase.close(ProductTestCase.java:25)
at com.testcases.ProductTestCase.close(ProductTestCase.java:25)
at com.testcases.ProductTestCase.close(ProductTestCase.java:25)
at com.testcases.ProductTestCase.close(ProductTestCase.java:25)
at com.testcases.ProductTestCase.close(ProductTestCase.java:25)
at com.testcases.ProductTestCase.close(ProductTestCase.java:25)
at com.testcases.ProductTestCase.close(ProductTestCase.java:25)
at com.testcases.ProductTestCase.close(ProductTestCase.java:25)
at com.testcases.ProductTestCase.close(ProductTestCase.java:25)
at com.testcases.ProductTestCase.close(ProductTestCase.java:25)
at com.testcases.ProductTestCase.close(ProductTestCase.java:25)
at com.testcases.ProductTestCase.close(ProductTestCase.java:25)
at com.testcases.ProductTestCase.close(ProductTestCase.java:25)
at com.testcases.ProductTestCase.close(ProductTestCase.java:25)
at com.testcases.ProductTestCase.close(ProductTestCase.java:25)
at com.testcases.ProductTestCase.close(ProductTestCase.java:25)
at com.testcases.ProductTestCase.close(ProductTestCase.java:25)
at com.testcases.ProductTestCase.close(ProductTestCase.java:25)
at com.testcases.ProductTestCase.close(ProductTestCase.java:25)
at com.testcases.ProductTestCase.close(ProductTestCase.java:25)
at com.testcases.ProductTestCase.close(ProductTestCase.java:25)
at com.testcases.ProductTestCase.close(ProductTestCase.java:25)
at com.testcases.ProductTestCase.close(ProductTestCase.java:25)
at com.testcases.ProductTestCase.close(ProductTestCase.java:25)
at com.testcases.ProductTestCase.close(ProductTestCase.java:25)
at com.testcases.ProductTestCase.close(ProductTestCase.java:25)
at com.testcases.ProductTestCase.close(ProductTestCase.java:25)
at com.testcases.ProductTestCase.close(ProductTestCase.java:25)
at com.testcases.ProductTestCase.close(ProductTestCase.java:25)
at com.testcases.ProductTestCase.close(ProductTestCase.java:25)
at com.testcases.ProductTestCase.close(ProductTestCase.java:25)
at com.testcases.ProductTestCase.close(ProductTestCase.java:25)
at com.testcases.ProductTestCase.close(ProductTestCase.java:25)
at com.testcases.ProductTestCase.close(ProductTestCase.java:25)
at com.testcases.ProductTestCase.close(ProductTestCase.java:25)
at com.testcases.ProductTestCase.close(ProductTestCase.java:25)
at com.testcases.ProductTestCase.close(ProductTestCase.java:25)
at com.testcases.ProductTestCase.close(ProductTestCase.java:25)
at com.testcases.ProductTestCase.close(ProductTestCase.java:25)
at com.testcases.ProductTestCase.close(ProductTestCase.java:25)
at com.testcases.ProductTestCase.close(ProductTestCase.java:25)
at com.testcases.ProductTestCase.close(ProductTestCase.java:25)
at com.testcases.ProductTestCase.close(ProductTestCase.java:25)
at com.testcases.ProductTestCase.close(ProductTestCase.java:25)
at com.testcases.ProductTestCase.close(ProductTestCase.java:25)
at com.testcases.ProductTestCase.close(ProductTestCase.java:25)
at com.testcases.ProductTestCase.close(ProductTestCase.java:25)
at com.testcases.ProductTestCase.close(ProductTestCase.java:25)
at com.testcases.ProductTestCase.close(ProductTestCase.java:25)
at com.testcases.ProductTestCase.close(ProductTestCase.java:25)
at com.testcases.ProductTestCase.close(ProductTestCase.java:25)
at com.testcases.ProductTestCase.close(ProductTestCase.java:25)
at com.testcases.ProductTestCase.close(ProductTestCase.java:25)
at com.testcases.ProductTestCase.close(ProductTestCase.java:25)
at com.testcases.ProductTestCase.close(ProductTestCase.java:25)
at com.testcases.ProductTestCase.close(ProductTestCase.java:25)
at com.testcases.ProductTestCase.close(ProductTestCase.java:25)
at com.testcases.ProductTestCase.close(ProductTestCase.java:25)
at com.testcases.ProductTestCase.close(ProductTestCase.java:25)
at com.testcases.ProductTestCase.close(ProductTestCase.java:25)
at com.testcases.ProductTestCase.close(ProductTestCase.java:25)
at com.testcases.ProductTestCase.close(ProductTestCase.java:25)
at com.testcases.ProductTestCase.close(ProductTestCase.java:25)
at com.testcases.ProductTestCase.close(ProductTestCase.java:25)
at com.testcases.ProductTestCase.close(ProductTestCase.java:25)
]]>
            </full-stacktrace>
          </exception> <!-- java.lang.StackOverflowError -->
          <reporter-output>
          </reporter-output>
        </test-method> <!-- close -->
      </class> <!-- com.testcases.ProductTestCase -->
      <class name="com.testcases.SearchTestCase">
        <test-method status="PASS" signature="startUp()[pri:0, instance:com.testcases.SearchTestCase@4d3167f4]" name="startUp" is-config="true" duration-ms="17150" started-at="2020-03-06T04:46:34Z" finished-at="2020-03-06T04:46:51Z">
          <reporter-output>
          </reporter-output>
        </test-method> <!-- startUp -->
        <test-method status="FAIL" signature="search()[pri:0, instance:com.testcases.SearchTestCase@4d3167f4]" name="search" duration-ms="31" started-at="2020-03-06T04:46:51Z" finished-at="2020-03-06T04:46:51Z">
          <exception class="org.openqa.selenium.NoSuchWindowException">
            <message>
              <![CDATA[no such window: target window already closed
from unknown error: web view not found
  (Session info: chrome=80.0.3987.132)
Build info: version: '3.141.59', revision: 'e82be7d358', time: '2018-11-14T08:17:03'
System info: host: 'BLT079', ip: '192.168.0.79', os.name: 'Windows 7', os.arch: 'amd64', os.version: '6.1', java.version: '1.8.0_221'
Driver info: org.openqa.selenium.chrome.ChromeDriver
Capabilities {acceptInsecureCerts: false, browserName: chrome, browserVersion: 80.0.3987.132, chrome: {chromedriverVersion: 79.0.3945.36 (3582db32b3389..., userDataDir: C:\Users\BLTUSE~1.BLT\AppDa...}, goog:chromeOptions: {debuggerAddress: localhost:50571}, javascriptEnabled: true, networkConnectionEnabled: false, pageLoadStrategy: normal, platform: WINDOWS, platformName: WINDOWS, proxy: Proxy(), setWindowRect: true, strictFileInteractability: false, timeouts: {implicit: 0, pageLoad: 300000, script: 30000}, unhandledPromptBehavior: dismiss and notify}
Session ID: 2614521bde2e1ba928070b9207f2c9ab
*** Element info: {Using=id, value=twotabsearchtextbox}]]>
            </message>
            <full-stacktrace>
              <![CDATA[org.openqa.selenium.NoSuchWindowException: no such window: target window already closed
from unknown error: web view not found
  (Session info: chrome=80.0.3987.132)
Build info: version: '3.141.59', revision: 'e82be7d358', time: '2018-11-14T08:17:03'
System info: host: 'BLT079', ip: '192.168.0.79', os.name: 'Windows 7', os.arch: 'amd64', os.version: '6.1', java.version: '1.8.0_221'
Driver info: org.openqa.selenium.chrome.ChromeDriver
Capabilities {acceptInsecureCerts: false, browserName: chrome, browserVersion: 80.0.3987.132, chrome: {chromedriverVersion: 79.0.3945.36 (3582db32b3389..., userDataDir: C:\Users\BLTUSE~1.BLT\AppDa...}, goog:chromeOptions: {debuggerAddress: localhost:50571}, javascriptEnabled: true, networkConnectionEnabled: false, pageLoadStrategy: normal, platform: WINDOWS, platformName: WINDOWS, proxy: Proxy(), setWindowRect: true, strictFileInteractability: false, timeouts: {implicit: 0, pageLoad: 300000, script: 30000}, unhandledPromptBehavior: dismiss and notify}
Session ID: 2614521bde2e1ba928070b9207f2c9ab
*** Element info: {Using=id, value=twotabsearchtextbox}
at sun.reflect.NativeConstructorAccessorImpl.newInstance0(Native Method)
at sun.reflect.NativeConstructorAccessorImpl.newInstance(Unknown Source)
at sun.reflect.DelegatingConstructorAccessorImpl.newInstance(Unknown Source)
at java.lang.reflect.Constructor.newInstance(Unknown Source)
at org.openqa.selenium.remote.http.W3CHttpResponseCodec.createException(W3CHttpResponseCodec.java:187)
at org.openqa.selenium.remote.http.W3CHttpResponseCodec.decode(W3CHttpResponseCodec.java:122)
at org.openqa.selenium.remote.http.W3CHttpResponseCodec.decode(W3CHttpResponseCodec.java:49)
at org.openqa.selenium.remote.HttpCommandExecutor.execute(HttpCommandExecutor.java:158)
at org.openqa.selenium.remote.service.DriverCommandExecutor.execute(DriverCommandExecutor.java:83)
at org.openqa.selenium.remote.RemoteWebDriver.execute(RemoteWebDriver.java:552)
at org.openqa.selenium.remote.RemoteWebDriver.findElement(RemoteWebDriver.java:323)
at org.openqa.selenium.remote.RemoteWebDriver.findElementById(RemoteWebDriver.java:372)
at org.openqa.selenium.By$ById.findElement(By.java:188)
at org.openqa.selenium.remote.RemoteWebDriver.findElement(RemoteWebDriver.java:315)
at com.pages.SearchandSelect.Search_searchbar(SearchandSelect.java:19)
at com.testcases.SearchTestCase.search(SearchTestCase.java:19)
at sun.reflect.NativeMethodAccessorImpl.invoke0(Native Method)
at sun.reflect.NativeMethodAccessorImpl.invoke(Unknown Source)
at sun.reflect.DelegatingMethodAccessorImpl.invoke(Unknown Source)
at java.lang.reflect.Method.invoke(Unknown Source)
at org.testng.internal.MethodInvocationHelper.invokeMethod(MethodInvocationHelper.java:124)
at org.testng.internal.Invoker.invokeMethod(Invoker.java:583)
at org.testng.internal.Invoker.invokeTestMethod(Invoker.java:719)
at org.testng.internal.Invoker.invokeTestMethods(Invoker.java:989)
at org.testng.internal.TestMethodWorker.invokeTestMethods(TestMethodWorker.java:125)
at org.testng.internal.TestMethodWorker.run(TestMethodWorker.java:109)
at java.util.concurrent.ThreadPoolExecutor.runWorker(Unknown Source)
at java.util.concurrent.ThreadPoolExecutor$Worker.run(Unknown Source)
at java.lang.Thread.run(Unknown Source)
]]>
            </full-stacktrace>
          </exception> <!-- org.openqa.selenium.NoSuchWindowException -->
          <reporter-output>
          </reporter-output>
        </test-method> <!-- search -->
      </class> <!-- com.testcases.SearchTestCase -->
    </test> <!-- Test -->
  </suite> <!-- Suite -->
</testng-results>
